/Applications/MAMP/Library/bin/mysqld, Version: 5.7.26 (MySQL Community Server (GPL)). started with:
Tcp port: 8889  Unix socket: /Applications/MAMP/tmp/mysql/mysql.sock
Time                 Id Command    Argument
2020-01-06T18:50:39.763725Z	   24 Query	SHOW WARNINGS
2020-01-06T18:50:39.764076Z	   24 Query	SHOW SESSION VARIABLES LIKE 'FOREIGN_KEY_CHECKS'
2020-01-06T18:50:39.787671Z	   25 Quit	
2020-01-06T18:50:39.787848Z	   24 Quit	
2020-01-06T18:50:47.011106Z	   26 Connect	jcmax@localhost on ModuleCMS using Socket
2020-01-06T18:50:47.011421Z	   26 Prepare	SELECT COUNT(*) as count FROM users WHERE user_email = ? LIMIT 1
2020-01-06T18:50:47.011560Z	   26 Execute	SELECT COUNT(*) as count FROM users WHERE user_email = 'jcmaxuser@gmail.com' LIMIT 1
2020-01-06T18:50:47.011834Z	   26 Prepare	SELECT user_id as id FROM users WHERE user_email = ? LIMIT 1
2020-01-06T18:50:47.011919Z	   26 Close stmt	
2020-01-06T18:50:47.011950Z	   26 Execute	SELECT user_id as id FROM users WHERE user_email = 'jcmaxuser@gmail.com' LIMIT 1
2020-01-06T18:50:47.012773Z	   26 Prepare	SELECT t1.role_id, t2.role_name 
        FROM user_role as t1 JOIN roles as t2 ON t1.role_id = t2.role_id 
        WHERE t1.user_id = ?
2020-01-06T18:50:47.012848Z	   26 Execute	SELECT t1.role_id, t2.role_name 
        FROM user_role as t1 JOIN roles as t2 ON t1.role_id = t2.role_id 
        WHERE t1.user_id = '4'
2020-01-06T18:50:47.013759Z	   26 Prepare	SELECT t2.perm_desc 
        FROM role_perm as t1 JOIN permissions as t2 ON t1.perm_id = t2.perm_id 
        WHERE t1.role_id = ?
2020-01-06T18:50:47.013840Z	   26 Execute	SELECT t2.perm_desc 
        FROM role_perm as t1 JOIN permissions as t2 ON t1.perm_id = t2.perm_id 
        WHERE t1.role_id = '3'
2020-01-06T18:50:47.014052Z	   26 Close stmt	
2020-01-06T18:50:47.014077Z	   26 Close stmt	
2020-01-06T18:50:47.014133Z	   26 Prepare	SELECT 
			user_id as id, 
			user_name as name, 
			user_email as email, 
			user_registration_date as regdate,
			user_password as password, 
			user_hash as hash
			FROM users
			WHERE user_email = ? LIMIT 1
2020-01-06T18:50:47.014203Z	   26 Close stmt	
2020-01-06T18:50:47.014222Z	   26 Execute	SELECT 
			user_id as id, 
			user_name as name, 
			user_email as email, 
			user_registration_date as regdate,
			user_password as password, 
			user_hash as hash
			FROM users
			WHERE user_email = 'jcmaxuser@gmail.com' LIMIT 1
2020-01-06T18:50:47.015764Z	   26 Prepare	SELECT token_hash as token 
				FROM user_tokens WHERE token_user_id = ? LIMIT 1
2020-01-06T18:50:47.015803Z	   26 Close stmt	
2020-01-06T18:50:47.015826Z	   26 Execute	SELECT token_hash as token 
				FROM user_tokens WHERE token_user_id = '4' LIMIT 1
2020-01-06T18:50:47.015987Z	   26 Close stmt	
2020-01-06T18:50:47.016396Z	   26 Prepare	INSERT INTO user_tokens 
			(token_user_id, token_user_agent, token_hash, token_created, token_expires) 
			VALUES (?, ?, ?, ?, ?)
2020-01-06T18:50:47.016467Z	   26 Execute	INSERT INTO user_tokens 
			(token_user_id, token_user_agent, token_hash, token_created, token_expires) 
			VALUES ('1578509447', '1578509447', '1578509447', '1578509447', '1578509447')
2020-01-06T18:50:47.017541Z	   26 Close stmt	
2020-01-06T18:58:06.338795Z	   27 Connect	root@localhost on  using Socket
2020-01-06T18:58:06.339001Z	   27 Query	SELECT @@version, @@version_comment
2020-01-06T18:58:06.341385Z	   27 Query	SET NAMES 'utf8mb4' COLLATE 'utf8mb4_general_ci'
2020-01-06T18:58:06.341589Z	   27 Query	SET lc_messages = 'en_US'
2020-01-06T18:58:06.345390Z	   28 Connect	root@localhost on  using Socket
2020-01-06T18:58:06.353574Z	   28 Query	SHOW TABLES FROM `ModuleCMS`
2020-01-06T18:58:06.356607Z	   27 Query	SELECT `SCHEMA_NAME` FROM `INFORMATION_SCHEMA`.`SCHEMATA`
2020-01-06T18:58:06.374836Z	   27 Query	SET collation_connection = 'utf8mb4_unicode_ci'
2020-01-06T18:58:06.375941Z	   27 Init DB	modulecms
2020-01-06T18:58:06.383720Z	   27 Query	SHOW TABLES FROM `ModuleCMS`
2020-01-06T18:58:06.384177Z	   27 Query	SELECT @@lower_case_table_names
2020-01-06T18:58:06.384936Z	   27 Query	SELECT *,
                `TABLE_SCHEMA`       AS `Db`,
                `TABLE_NAME`         AS `Name`,
                `TABLE_TYPE`         AS `TABLE_TYPE`,
                `ENGINE`             AS `Engine`,
                `ENGINE`             AS `Type`,
                `VERSION`            AS `Version`,
                `ROW_FORMAT`         AS `Row_format`,
                `TABLE_ROWS`         AS `Rows`,
                `AVG_ROW_LENGTH`     AS `Avg_row_length`,
                `DATA_LENGTH`        AS `Data_length`,
                `MAX_DATA_LENGTH`    AS `Max_data_length`,
                `INDEX_LENGTH`       AS `Index_length`,
                `DATA_FREE`          AS `Data_free`,
                `AUTO_INCREMENT`     AS `Auto_increment`,
                `CREATE_TIME`        AS `Create_time`,
                `UPDATE_TIME`        AS `Update_time`,
                `CHECK_TIME`         AS `Check_time`,
                `TABLE_COLLATION`    AS `Collation`,
                `CHECKSUM`           AS `Checksum`,
                `CREATE_OPTIONS`     AS `Create_options`,
                `TABLE_COMMENT`      AS `Comment`
            FROM `information_schema`.`TABLES` t
            WHERE `TABLE_SCHEMA` COLLATE utf8_general_ci
                IN ('ModuleCMS')
                 ORDER BY Name ASC LIMIT 250 OFFSET 0
2020-01-06T18:58:06.389890Z	   27 Query	SHOW MASTER STATUS
2020-01-06T18:58:06.390964Z	   27 Query	SHOW SLAVE STATUS
2020-01-06T18:58:06.468637Z	   27 Query	SELECT COUNT(*) FROM `ModuleCMS`.`permissions`
2020-01-06T18:58:06.479203Z	   27 Query	SELECT COUNT(*) FROM `ModuleCMS`.`roles`
2020-01-06T18:58:06.480762Z	   27 Query	SELECT COUNT(*) FROM `ModuleCMS`.`role_perm`
2020-01-06T18:58:06.481623Z	   27 Query	SELECT COUNT(*) FROM `ModuleCMS`.`users`
2020-01-06T18:58:06.482884Z	   27 Query	SELECT COUNT(*) FROM `ModuleCMS`.`user_role`
2020-01-06T18:58:06.483576Z	   27 Query	SELECT COUNT(*) FROM `ModuleCMS`.`user_tokens`
2020-01-06T18:58:06.484190Z	   27 Query	SELECT DEFAULT_COLLATION_NAME FROM information_schema.SCHEMATA WHERE SCHEMA_NAME = 'ModuleCMS' LIMIT 1
2020-01-06T18:58:06.492281Z	   27 Query	SELECT @@default_storage_engine
2020-01-06T18:58:06.496731Z	   27 Query	SHOW TABLES FROM `ModuleCMS`
2020-01-06T18:58:06.497194Z	   27 Query	SELECT `PRIVILEGE_TYPE` FROM `INFORMATION_SCHEMA`.`USER_PRIVILEGES` WHERE GRANTEE='''root''@''localhost''' AND PRIVILEGE_TYPE='EVENT'
2020-01-06T18:58:06.497566Z	   27 Query	SELECT `PRIVILEGE_TYPE` FROM `INFORMATION_SCHEMA`.`USER_PRIVILEGES` WHERE GRANTEE='''root''@''localhost''' AND PRIVILEGE_TYPE='TRIGGER'
2020-01-06T18:58:06.499130Z	   27 Query	SHOW TABLES FROM `ModuleCMS`
2020-01-06T18:58:06.499496Z	   27 Query	SELECT `PRIVILEGE_TYPE` FROM `INFORMATION_SCHEMA`.`USER_PRIVILEGES` WHERE GRANTEE='''root''@''localhost''' AND PRIVILEGE_TYPE='EVENT'
2020-01-06T18:58:06.499810Z	   27 Query	SELECT `PRIVILEGE_TYPE` FROM `INFORMATION_SCHEMA`.`USER_PRIVILEGES` WHERE GRANTEE='''root''@''localhost''' AND PRIVILEGE_TYPE='TRIGGER'
2020-01-06T18:58:06.503676Z	   28 Quit	
2020-01-06T18:58:06.503847Z	   27 Quit	
2020-01-06T18:58:06.765495Z	   29 Connect	root@localhost on  using Socket
2020-01-06T18:58:06.765703Z	   29 Query	SELECT @@version, @@version_comment
2020-01-06T18:58:06.767414Z	   29 Query	SET NAMES 'utf8mb4' COLLATE 'utf8mb4_general_ci'
2020-01-06T18:58:06.767579Z	   29 Query	SET lc_messages = 'en_US'
2020-01-06T18:58:06.769692Z	   30 Connect	root@localhost on  using Socket
2020-01-06T18:58:06.778964Z	   29 Query	SELECT `SCHEMA_NAME` FROM `INFORMATION_SCHEMA`.`SCHEMATA`
2020-01-06T18:58:06.789906Z	   29 Query	SET collation_connection = 'utf8mb4_unicode_ci'
2020-01-06T18:58:06.797051Z	   29 Query	SELECT `SCHEMA_NAME` FROM `INFORMATION_SCHEMA`.`SCHEMATA`, (SELECT DB_first_level FROM ( SELECT DISTINCT SUBSTRING_INDEX(SCHEMA_NAME, '_', 1) DB_first_level FROM INFORMATION_SCHEMA.SCHEMATA WHERE TRUE ) t ORDER BY DB_first_level ASC LIMIT 0, 100) t2 WHERE TRUE AND 1 = LOCATE(CONCAT(DB_first_level, '_'), CONCAT(SCHEMA_NAME, '_')) ORDER BY SCHEMA_NAME ASC
2020-01-06T18:58:06.799713Z	   29 Query	SELECT COUNT(*) FROM `INFORMATION_SCHEMA`.`TABLES` WHERE `TABLE_SCHEMA`='ModuleCMS' AND `TABLE_TYPE`IN('BASE TABLE', 'SYSTEM VERSIONED')
2020-01-06T18:58:06.802946Z	   29 Query	SELECT COUNT(*) FROM `INFORMATION_SCHEMA`.`TABLES` WHERE `TABLE_SCHEMA`='ModuleCMS' AND `TABLE_TYPE`NOT IN('BASE TABLE', 'SYSTEM VERSIONED')
2020-01-06T18:58:06.803332Z	   29 Query	SELECT @@lower_case_table_names
2020-01-06T18:58:06.803474Z	   29 Query	SELECT COUNT(*) FROM `INFORMATION_SCHEMA`.`ROUTINES` WHERE `ROUTINE_SCHEMA` COLLATE utf8_general_ci='ModuleCMS' AND `ROUTINE_TYPE`='FUNCTION'
2020-01-06T18:58:06.815765Z	   29 Query	SELECT COUNT(*) FROM `INFORMATION_SCHEMA`.`ROUTINES` WHERE `ROUTINE_SCHEMA` COLLATE utf8_general_ci='ModuleCMS'AND `ROUTINE_TYPE`='PROCEDURE'
2020-01-06T18:58:06.817830Z	   29 Query	SELECT COUNT(*) FROM `INFORMATION_SCHEMA`.`EVENTS` WHERE `EVENT_SCHEMA` COLLATE utf8_general_ci='ModuleCMS'
2020-01-06T18:58:06.818721Z	   29 Query	SELECT `TABLE_NAME` AS `name` FROM `INFORMATION_SCHEMA`.`TABLES` WHERE `TABLE_SCHEMA`='ModuleCMS' AND `TABLE_TYPE`IN('BASE TABLE', 'SYSTEM VERSIONED') ORDER BY `TABLE_NAME` ASC LIMIT 0, 50
2020-01-06T18:58:06.821157Z	   29 Query	SELECT COUNT(*) FROM `INFORMATION_SCHEMA`.`TABLES` WHERE `TABLE_SCHEMA`='ModuleCMS' AND `TABLE_TYPE`IN('BASE TABLE', 'SYSTEM VERSIONED')
2020-01-06T18:58:06.821559Z	   29 Query	SELECT COUNT(*) FROM `INFORMATION_SCHEMA`.`TABLES` WHERE `TABLE_SCHEMA`='ModuleCMS' AND `TABLE_TYPE`IN('BASE TABLE', 'SYSTEM VERSIONED')
2020-01-06T18:58:06.845181Z	   30 Quit	
2020-01-06T18:58:06.845262Z	   29 Quit	
2020-01-06T19:02:32.292972Z	   31 Connect	jcmax@localhost on ModuleCMS using Socket
2020-01-06T19:02:32.293531Z	   31 Prepare	SELECT COUNT(*) as count FROM users WHERE user_email = ? LIMIT 1
2020-01-06T19:02:32.293673Z	   31 Execute	SELECT COUNT(*) as count FROM users WHERE user_email = 'jcmaxuser@gmail.com' LIMIT 1
2020-01-06T19:02:32.293911Z	   31 Prepare	SELECT user_id as id FROM users WHERE user_email = ? LIMIT 1
2020-01-06T19:02:32.294000Z	   31 Close stmt	
2020-01-06T19:02:32.294031Z	   31 Execute	SELECT user_id as id FROM users WHERE user_email = 'jcmaxuser@gmail.com' LIMIT 1
2020-01-06T19:02:32.294824Z	   31 Prepare	SELECT t1.role_id, t2.role_name 
        FROM user_role as t1 JOIN roles as t2 ON t1.role_id = t2.role_id 
        WHERE t1.user_id = ?
2020-01-06T19:02:32.294904Z	   31 Execute	SELECT t1.role_id, t2.role_name 
        FROM user_role as t1 JOIN roles as t2 ON t1.role_id = t2.role_id 
        WHERE t1.user_id = '4'
2020-01-06T19:02:32.295932Z	   31 Prepare	SELECT t2.perm_desc 
        FROM role_perm as t1 JOIN permissions as t2 ON t1.perm_id = t2.perm_id 
        WHERE t1.role_id = ?
2020-01-06T19:02:32.296028Z	   31 Execute	SELECT t2.perm_desc 
        FROM role_perm as t1 JOIN permissions as t2 ON t1.perm_id = t2.perm_id 
        WHERE t1.role_id = '3'
2020-01-06T19:02:32.296249Z	   31 Close stmt	
2020-01-06T19:02:32.296273Z	   31 Close stmt	
2020-01-06T19:02:32.296339Z	   31 Prepare	SELECT 
			user_id as id, 
			user_name as name, 
			user_email as email, 
			user_registration_date as regdate,
			user_password as password, 
			user_hash as hash
			FROM users
			WHERE user_email = ? LIMIT 1
2020-01-06T19:02:32.296402Z	   31 Close stmt	
2020-01-06T19:02:32.296419Z	   31 Execute	SELECT 
			user_id as id, 
			user_name as name, 
			user_email as email, 
			user_registration_date as regdate,
			user_password as password, 
			user_hash as hash
			FROM users
			WHERE user_email = 'jcmaxuser@gmail.com' LIMIT 1
2020-01-06T19:02:32.298032Z	   31 Prepare	SELECT token_hash as token 
				FROM user_tokens WHERE token_user_id = ? LIMIT 1
2020-01-06T19:02:32.298109Z	   31 Close stmt	
2020-01-06T19:02:32.298147Z	   31 Execute	SELECT token_hash as token 
				FROM user_tokens WHERE token_user_id = '4' LIMIT 1
2020-01-06T19:02:32.298318Z	   31 Close stmt	
2020-01-06T19:02:32.298716Z	   31 Prepare	INSERT INTO user_tokens 
			(token_user_id, token_user_agent, token_hash, token_created, token_expires) 
			VALUES (?, ?, ?, ?, ?)
2020-01-06T19:02:32.298794Z	   31 Execute	INSERT INTO user_tokens 
			(token_user_id, token_user_agent, token_hash, token_created, token_expires) 
			VALUES ('4', 'a:4:{s:11:\"userbrowser\";s:6:\"Safari\";s:6:\"useros\";s:7:\"Macos X\";s:10:\"userbrlang\";s:2:\"en\";s:12:\"userremoteip\";s:3:\"::1\";}', '9l0Vr26zVtyR47X76UAGl4JV5dEtGMom4dJMsjf37gPwohaLZ3szKCOQdNCuf0F72', '1578337352', '1578510152')
2020-01-06T19:02:32.299943Z	   31 Close stmt	
2020-01-06T19:08:55.942392Z	   32 Connect	root@localhost on  using Socket
2020-01-06T19:08:55.942542Z	   32 Query	SELECT @@version, @@version_comment
2020-01-06T19:08:55.944664Z	   32 Query	SET NAMES 'utf8mb4' COLLATE 'utf8mb4_general_ci'
2020-01-06T19:08:55.944772Z	   32 Query	SET lc_messages = 'en_US'
2020-01-06T19:08:55.948083Z	   33 Connect	root@localhost on  using Socket
2020-01-06T19:08:55.957468Z	   33 Query	SHOW TABLES FROM `ModuleCMS`
2020-01-06T19:08:55.961227Z	   32 Query	SELECT `SCHEMA_NAME` FROM `INFORMATION_SCHEMA`.`SCHEMATA`
2020-01-06T19:08:55.982676Z	   32 Query	SET collation_connection = 'utf8mb4_unicode_ci'
2020-01-06T19:08:55.989625Z	   32 Init DB	modulecms
2020-01-06T19:08:55.994556Z	   32 Query	SELECT @@lower_case_table_names
2020-01-06T19:08:55.994820Z	   32 Query	SELECT *,
                `TABLE_SCHEMA`       AS `Db`,
                `TABLE_NAME`         AS `Name`,
                `TABLE_TYPE`         AS `TABLE_TYPE`,
                `ENGINE`             AS `Engine`,
                `ENGINE`             AS `Type`,
                `VERSION`            AS `Version`,
                `ROW_FORMAT`         AS `Row_format`,
                `TABLE_ROWS`         AS `Rows`,
                `AVG_ROW_LENGTH`     AS `Avg_row_length`,
                `DATA_LENGTH`        AS `Data_length`,
                `MAX_DATA_LENGTH`    AS `Max_data_length`,
                `INDEX_LENGTH`       AS `Index_length`,
                `DATA_FREE`          AS `Data_free`,
                `AUTO_INCREMENT`     AS `Auto_increment`,
                `CREATE_TIME`        AS `Create_time`,
                `UPDATE_TIME`        AS `Update_time`,
                `CHECK_TIME`         AS `Check_time`,
                `TABLE_COLLATION`    AS `Collation`,
                `CHECKSUM`           AS `Checksum`,
                `CREATE_OPTIONS`     AS `Create_options`,
                `TABLE_COMMENT`      AS `Comment`
            FROM `information_schema`.`TABLES` t
            WHERE `TABLE_SCHEMA` COLLATE utf8_general_ci
                IN ('ModuleCMS')
                AND t.`TABLE_NAME` COLLATE utf8_general_ci = 'user_tokens' ORDER BY Name ASC
2020-01-06T19:08:55.996030Z	   32 Query	SELECT *,
                `TABLE_SCHEMA`       AS `Db`,
                `TABLE_NAME`         AS `Name`,
                `TABLE_TYPE`         AS `TABLE_TYPE`,
                `ENGINE`             AS `Engine`,
                `ENGINE`             AS `Type`,
                `VERSION`            AS `Version`,
                `ROW_FORMAT`         AS `Row_format`,
                `TABLE_ROWS`         AS `Rows`,
                `AVG_ROW_LENGTH`     AS `Avg_row_length`,
                `DATA_LENGTH`        AS `Data_length`,
                `MAX_DATA_LENGTH`    AS `Max_data_length`,
                `INDEX_LENGTH`       AS `Index_length`,
                `DATA_FREE`          AS `Data_free`,
                `AUTO_INCREMENT`     AS `Auto_increment`,
                `CREATE_TIME`        AS `Create_time`,
                `UPDATE_TIME`        AS `Update_time`,
                `CHECK_TIME`         AS `Check_time`,
                `TABLE_COLLATION`    AS `Collation`,
                `CHECKSUM`           AS `Checksum`,
                `CREATE_OPTIONS`     AS `Create_options`,
                `TABLE_COMMENT`      AS `Comment`
            FROM `information_schema`.`TABLES` t
            WHERE `TABLE_SCHEMA` COLLATE utf8_general_ci
                IN ('ModuleCMS')
                AND t.`TABLE_NAME` COLLATE utf8_general_ci = 'user_tokens' ORDER BY Name ASC
2020-01-06T19:08:56.075039Z	   32 Init DB	modulecms
2020-01-06T19:08:56.077771Z	   32 Query	SHOW INDEXES FROM `ModuleCMS`.`user_tokens`
2020-01-06T19:08:56.078960Z	   32 Query	SHOW FULL COLUMNS FROM `ModuleCMS`.`user_tokens`
2020-01-06T19:08:56.079524Z	   32 Query	SHOW FULL COLUMNS FROM `ModuleCMS`.`user_tokens`
2020-01-06T19:08:56.100413Z	   32 Query	SHOW PLUGINS
2020-01-06T19:08:56.102125Z	   32 Query	SELECT DISTINCT `PARTITION_NAME` FROM `information_schema`.`PARTITIONS` WHERE `TABLE_SCHEMA` = 'ModuleCMS' AND `TABLE_NAME` = 'user_tokens'
2020-01-06T19:08:56.167207Z	   32 Query	SHOW  COLUMNS FROM `ModuleCMS`.`user_tokens`
2020-01-06T19:08:56.168619Z	   32 Query	SELECT `PRIVILEGE_TYPE` FROM `INFORMATION_SCHEMA`.`USER_PRIVILEGES` WHERE GRANTEE='''root''@''localhost''' AND PRIVILEGE_TYPE='TRIGGER'
2020-01-06T19:08:56.170525Z	   32 Query	SELECT `PRIVILEGE_TYPE` FROM `INFORMATION_SCHEMA`.`USER_PRIVILEGES` WHERE GRANTEE='''root''@''localhost''' AND PRIVILEGE_TYPE='TRIGGER'
2020-01-06T19:08:56.175763Z	   33 Quit	
2020-01-06T19:08:56.175931Z	   32 Quit	
2020-01-06T19:08:56.613374Z	   34 Connect	root@localhost on  using Socket
2020-01-06T19:08:56.613513Z	   34 Query	SELECT @@version, @@version_comment
2020-01-06T19:08:56.615132Z	   34 Query	SET NAMES 'utf8mb4' COLLATE 'utf8mb4_general_ci'
2020-01-06T19:08:56.615240Z	   34 Query	SET lc_messages = 'en_US'
2020-01-06T19:08:56.617394Z	   35 Connect	root@localhost on  using Socket
2020-01-06T19:08:56.625592Z	   34 Query	SELECT `SCHEMA_NAME` FROM `INFORMATION_SCHEMA`.`SCHEMATA`
2020-01-06T19:08:56.635795Z	   34 Query	SET collation_connection = 'utf8mb4_unicode_ci'
2020-01-06T19:08:56.656284Z	   35 Quit	
2020-01-06T19:08:56.656435Z	   34 Quit	
2020-01-06T19:08:58.005334Z	   36 Connect	root@localhost on  using Socket
2020-01-06T19:08:58.005467Z	   36 Query	SELECT @@version, @@version_comment
2020-01-06T19:08:58.007076Z	   36 Query	SET NAMES 'utf8mb4' COLLATE 'utf8mb4_general_ci'
2020-01-06T19:08:58.007171Z	   36 Query	SET lc_messages = 'en_US'
2020-01-06T19:08:58.009328Z	   37 Connect	root@localhost on  using Socket
2020-01-06T19:08:58.016276Z	   37 Query	SHOW TABLES FROM `ModuleCMS`
2020-01-06T19:08:58.017957Z	   36 Query	SELECT `SCHEMA_NAME` FROM `INFORMATION_SCHEMA`.`SCHEMATA`
2020-01-06T19:08:58.028119Z	   36 Query	SET collation_connection = 'utf8mb4_unicode_ci'
2020-01-06T19:08:58.082910Z	   36 Query	SHOW SESSION VARIABLES LIKE 'FOREIGN_KEY_CHECKS'
2020-01-06T19:08:58.095500Z	   36 Query	SELECT DATABASE()
2020-01-06T19:08:58.095697Z	   36 Init DB	modulecms
2020-01-06T19:08:58.095991Z	   36 Query	SELECT * FROM `user_tokens` LIMIT 0, 30
2020-01-06T19:08:58.100807Z	   36 Query	SHOW WARNINGS
2020-01-06T19:08:58.101779Z	   36 Query	SELECT @@lower_case_table_names
2020-01-06T19:08:58.106227Z	   36 Query	SELECT TABLE_NAME
            FROM information_schema.VIEWS
            WHERE TABLE_SCHEMA = 'ModuleCMS'
                AND TABLE_NAME = 'user_tokens'
                AND IS_UPDATABLE = 'YES'
2020-01-06T19:08:58.106604Z	   36 Query	SHOW  COLUMNS FROM `ModuleCMS`.`user_tokens`
2020-01-06T19:08:58.108708Z	   36 Query	SHOW INDEXES FROM `ModuleCMS`.`user_tokens`
2020-01-06T19:08:58.109709Z	   36 Query	SELECT TABLE_NAME
            FROM information_schema.VIEWS
            WHERE TABLE_SCHEMA = 'ModuleCMS'
                AND TABLE_NAME = 'user_tokens'
2020-01-06T19:08:58.110121Z	   36 Query	SELECT TABLE_NAME
            FROM information_schema.VIEWS
            WHERE TABLE_SCHEMA = 'ModuleCMS'
                AND TABLE_NAME = 'user_tokens'
2020-01-06T19:08:58.111723Z	   36 Query	SELECT @@have_profiling
2020-01-06T19:08:58.116039Z	   36 Query	SHOW CREATE TABLE `ModuleCMS`.`user_tokens`
2020-01-06T19:08:58.128023Z	   36 Query	SELECT *,
                        `COLUMN_NAME`       AS `Field`,
                        `COLUMN_TYPE`       AS `Type`,
                        `COLLATION_NAME`    AS `Collation`,
                        `IS_NULLABLE`       AS `Null`,
                        `COLUMN_KEY`        AS `Key`,
                        `COLUMN_DEFAULT`    AS `Default`,
                        `EXTRA`             AS `Extra`,
                        `PRIVILEGES`        AS `Privileges`,
                        `COLUMN_COMMENT`    AS `Comment`
                   FROM `information_schema`.`COLUMNS`
 WHERE `TABLE_SCHEMA` = 'ModuleCMS'  AND `TABLE_NAME` = 'users'
2020-01-06T19:08:58.129146Z	   36 Query	SELECT TABLE_NAME
            FROM information_schema.VIEWS
            WHERE TABLE_SCHEMA = 'ModuleCMS'
                AND TABLE_NAME = 'user_tokens'
2020-01-06T19:08:58.129436Z	   36 Query	SELECT TABLE_NAME
            FROM information_schema.VIEWS
            WHERE TABLE_SCHEMA = 'ModuleCMS'
                AND TABLE_NAME = 'user_tokens'
2020-01-06T19:08:58.129672Z	   36 Query	SELECT TABLE_NAME
            FROM information_schema.VIEWS
            WHERE TABLE_SCHEMA = 'ModuleCMS'
                AND TABLE_NAME = 'user_tokens'
2020-01-06T19:08:58.129961Z	   36 Query	SELECT *,
                `TABLE_SCHEMA`       AS `Db`,
                `TABLE_NAME`         AS `Name`,
                `TABLE_TYPE`         AS `TABLE_TYPE`,
                `ENGINE`             AS `Engine`,
                `ENGINE`             AS `Type`,
                `VERSION`            AS `Version`,
                `ROW_FORMAT`         AS `Row_format`,
                `TABLE_ROWS`         AS `Rows`,
                `AVG_ROW_LENGTH`     AS `Avg_row_length`,
                `DATA_LENGTH`        AS `Data_length`,
                `MAX_DATA_LENGTH`    AS `Max_data_length`,
                `INDEX_LENGTH`       AS `Index_length`,
                `DATA_FREE`          AS `Data_free`,
                `AUTO_INCREMENT`     AS `Auto_increment`,
                `CREATE_TIME`        AS `Create_time`,
                `UPDATE_TIME`        AS `Update_time`,
                `CHECK_TIME`         AS `Check_time`,
                `TABLE_COLLATION`    AS `Collation`,
                `CHECKSUM`           AS `Checksum`,
                `CREATE_OPTIONS`     AS `Create_options`,
                `TABLE_COMMENT`      AS `Comment`
            FROM `information_schema`.`TABLES` t
            WHERE `TABLE_SCHEMA` COLLATE utf8_general_ci
                IN ('ModuleCMS')
                AND t.`TABLE_NAME` COLLATE utf8_general_ci = 'user_tokens' ORDER BY Name ASC
2020-01-06T19:08:58.136135Z	   36 Query	SHOW FULL COLUMNS FROM `ModuleCMS`.`user_tokens`
2020-01-06T19:08:58.140744Z	   36 Query	SELECT `user_name` FROM `ModuleCMS`.`users` WHERE `user_id` = 4
2020-01-06T19:08:58.142368Z	   36 Query	SHOW SESSION VARIABLES LIKE 'FOREIGN_KEY_CHECKS'
2020-01-06T19:08:58.144762Z	   36 Query	SHOW  COLUMNS FROM `ModuleCMS`.`user_tokens`
2020-01-06T19:08:58.145649Z	   36 Query	SELECT `PRIVILEGE_TYPE` FROM `INFORMATION_SCHEMA`.`USER_PRIVILEGES` WHERE GRANTEE='''root''@''localhost''' AND PRIVILEGE_TYPE='TRIGGER'
2020-01-06T19:08:58.147129Z	   36 Query	SELECT `PRIVILEGE_TYPE` FROM `INFORMATION_SCHEMA`.`USER_PRIVILEGES` WHERE GRANTEE='''root''@''localhost''' AND PRIVILEGE_TYPE='TRIGGER'
2020-01-06T19:08:58.150942Z	   37 Quit	
2020-01-06T19:08:58.151122Z	   36 Quit	
2020-01-06T19:08:58.392082Z	   38 Connect	root@localhost on  using Socket
2020-01-06T19:08:58.392235Z	   38 Query	SELECT @@version, @@version_comment
2020-01-06T19:08:58.393921Z	   38 Query	SET NAMES 'utf8mb4' COLLATE 'utf8mb4_general_ci'
2020-01-06T19:08:58.394094Z	   38 Query	SET lc_messages = 'en_US'
2020-01-06T19:08:58.396239Z	   39 Connect	root@localhost on  using Socket
2020-01-06T19:08:58.404980Z	   38 Query	SELECT `SCHEMA_NAME` FROM `INFORMATION_SCHEMA`.`SCHEMATA`
2020-01-06T19:08:58.414909Z	   38 Query	SET collation_connection = 'utf8mb4_unicode_ci'
2020-01-06T19:08:58.437050Z	   39 Quit	
2020-01-06T19:08:58.437220Z	   38 Quit	
2020-01-06T19:11:40.984933Z	   40 Connect	root@localhost on  using Socket
2020-01-06T19:11:40.985078Z	   40 Query	SELECT @@version, @@version_comment
2020-01-06T19:11:40.986770Z	   40 Query	SET NAMES 'utf8mb4' COLLATE 'utf8mb4_general_ci'
2020-01-06T19:11:40.986929Z	   40 Query	SET lc_messages = 'en_US'
2020-01-06T19:11:40.989012Z	   41 Connect	root@localhost on  using Socket
2020-01-06T19:11:40.995303Z	   41 Query	SHOW TABLES FROM `ModuleCMS`
2020-01-06T19:11:40.997520Z	   40 Query	SELECT `SCHEMA_NAME` FROM `INFORMATION_SCHEMA`.`SCHEMATA`
2020-01-06T19:11:41.006769Z	   40 Query	SET collation_connection = 'utf8mb4_unicode_ci'
2020-01-06T19:11:41.050828Z	   40 Query	SHOW SESSION VARIABLES LIKE 'FOREIGN_KEY_CHECKS'
2020-01-06T19:11:41.060535Z	   40 Query	SELECT DATABASE()
2020-01-06T19:11:41.060742Z	   40 Init DB	modulecms
2020-01-06T19:11:41.061089Z	   40 Query	SELECT `token_user_agent` FROM `user_tokens` WHERE `user_tokens`.`token_id` = 3 LIMIT 0, 30
2020-01-06T19:11:41.064892Z	   40 Query	SHOW WARNINGS
2020-01-06T19:11:41.065863Z	   40 Query	SHOW  COLUMNS FROM `ModuleCMS`.`user_tokens`
2020-01-06T19:11:41.067405Z	   40 Query	SHOW INDEXES FROM `ModuleCMS`.`user_tokens`
2020-01-06T19:11:41.071947Z	   40 Query	SELECT TABLE_NAME
            FROM information_schema.VIEWS
            WHERE TABLE_SCHEMA = 'ModuleCMS'
                AND TABLE_NAME = 'user_tokens'
2020-01-06T19:11:41.072425Z	   40 Query	SELECT `PRIVILEGE_TYPE` FROM `INFORMATION_SCHEMA`.`USER_PRIVILEGES` WHERE GRANTEE='''root''@''localhost''' AND PRIVILEGE_TYPE='TRIGGER'
2020-01-06T19:11:41.073611Z	   40 Query	SELECT TABLE_NAME
            FROM information_schema.VIEWS
            WHERE TABLE_SCHEMA = 'ModuleCMS'
                AND TABLE_NAME = 'user_tokens'
2020-01-06T19:11:41.073975Z	   40 Query	SELECT TABLE_NAME
            FROM information_schema.VIEWS
            WHERE TABLE_SCHEMA = 'ModuleCMS'
                AND TABLE_NAME = 'user_tokens'
2020-01-06T19:11:41.074267Z	   40 Query	SELECT @@lower_case_table_names
2020-01-06T19:11:41.074488Z	   40 Query	SELECT *,
                `TABLE_SCHEMA`       AS `Db`,
                `TABLE_NAME`         AS `Name`,
                `TABLE_TYPE`         AS `TABLE_TYPE`,
                `ENGINE`             AS `Engine`,
                `ENGINE`             AS `Type`,
                `VERSION`            AS `Version`,
                `ROW_FORMAT`         AS `Row_format`,
                `TABLE_ROWS`         AS `Rows`,
                `AVG_ROW_LENGTH`     AS `Avg_row_length`,
                `DATA_LENGTH`        AS `Data_length`,
                `MAX_DATA_LENGTH`    AS `Max_data_length`,
                `INDEX_LENGTH`       AS `Index_length`,
                `DATA_FREE`          AS `Data_free`,
                `AUTO_INCREMENT`     AS `Auto_increment`,
                `CREATE_TIME`        AS `Create_time`,
                `UPDATE_TIME`        AS `Update_time`,
                `CHECK_TIME`         AS `Check_time`,
                `TABLE_COLLATION`    AS `Collation`,
                `CHECKSUM`           AS `Checksum`,
                `CREATE_OPTIONS`     AS `Create_options`,
                `TABLE_COMMENT`      AS `Comment`
            FROM `information_schema`.`TABLES` t
            WHERE `TABLE_SCHEMA` COLLATE utf8_general_ci
                IN ('ModuleCMS')
                AND t.`TABLE_NAME` COLLATE utf8_general_ci = 'user_tokens' ORDER BY Name ASC
2020-01-06T19:11:41.075879Z	   40 Query	SELECT `PRIVILEGE_TYPE` FROM `INFORMATION_SCHEMA`.`USER_PRIVILEGES` WHERE GRANTEE='''root''@''localhost''' AND PRIVILEGE_TYPE='TRIGGER'
2020-01-06T19:11:41.078507Z	   41 Quit	
2020-01-06T19:11:41.078710Z	   40 Quit	
2020-01-06T19:33:13.386236Z	   42 Connect	root@localhost on  using Socket
2020-01-06T19:33:13.386731Z	   42 Query	SELECT @@version, @@version_comment
2020-01-06T19:33:13.389089Z	   42 Query	SET NAMES 'utf8mb4' COLLATE 'utf8mb4_general_ci'
2020-01-06T19:33:13.389207Z	   42 Query	SET lc_messages = 'en_US'
2020-01-06T19:33:13.394230Z	   43 Connect	root@localhost on  using Socket
2020-01-06T19:33:13.402640Z	   43 Query	SHOW TABLES FROM `ModuleCMS`
2020-01-06T19:33:13.408366Z	   42 Query	SELECT `SCHEMA_NAME` FROM `INFORMATION_SCHEMA`.`SCHEMATA`
2020-01-06T19:33:13.427324Z	   42 Query	SET collation_connection = 'utf8mb4_unicode_ci'
2020-01-06T19:33:13.427825Z	   42 Query	SHOW TABLES FROM `ModuleCMS`
2020-01-06T19:33:13.428184Z	   42 Query	SELECT `PRIVILEGE_TYPE` FROM `INFORMATION_SCHEMA`.`USER_PRIVILEGES` WHERE GRANTEE='''root''@''localhost''' AND PRIVILEGE_TYPE='EVENT'
2020-01-06T19:33:13.428546Z	   42 Query	SELECT `PRIVILEGE_TYPE` FROM `INFORMATION_SCHEMA`.`USER_PRIVILEGES` WHERE GRANTEE='''root''@''localhost''' AND PRIVILEGE_TYPE='TRIGGER'
2020-01-06T19:33:13.464841Z	   42 Query	SHOW TABLES FROM `ModuleCMS`
2020-01-06T19:33:13.465290Z	   42 Query	SELECT `PRIVILEGE_TYPE` FROM `INFORMATION_SCHEMA`.`USER_PRIVILEGES` WHERE GRANTEE='''root''@''localhost''' AND PRIVILEGE_TYPE='EVENT'
2020-01-06T19:33:13.465614Z	   42 Query	SELECT `PRIVILEGE_TYPE` FROM `INFORMATION_SCHEMA`.`USER_PRIVILEGES` WHERE GRANTEE='''root''@''localhost''' AND PRIVILEGE_TYPE='TRIGGER'
2020-01-06T19:33:13.467784Z	   43 Quit	
2020-01-06T19:33:13.467956Z	   42 Quit	
2020-01-06T19:56:54.848861Z	   44 Connect	root@localhost on  using Socket
2020-01-06T19:56:54.849121Z	   44 Query	SELECT @@version, @@version_comment
2020-01-06T19:56:54.851638Z	   44 Query	SET NAMES 'utf8mb4' COLLATE 'utf8mb4_general_ci'
2020-01-06T19:56:54.851753Z	   44 Query	SET lc_messages = 'en_US'
2020-01-06T19:56:54.855365Z	   45 Connect	root@localhost on  using Socket
2020-01-06T19:56:54.864609Z	   45 Query	SHOW TABLES FROM `ModuleCMS`
2020-01-06T19:56:54.868087Z	   44 Query	SELECT `SCHEMA_NAME` FROM `INFORMATION_SCHEMA`.`SCHEMATA`
2020-01-06T19:56:54.885763Z	   44 Query	SET collation_connection = 'utf8mb4_unicode_ci'
2020-01-06T19:56:54.886349Z	   44 Query	SHOW TABLES FROM `ModuleCMS`
2020-01-06T19:56:54.886760Z	   44 Query	SELECT `PRIVILEGE_TYPE` FROM `INFORMATION_SCHEMA`.`USER_PRIVILEGES` WHERE GRANTEE='''root''@''localhost''' AND PRIVILEGE_TYPE='EVENT'
2020-01-06T19:56:54.887124Z	   44 Query	SELECT `PRIVILEGE_TYPE` FROM `INFORMATION_SCHEMA`.`USER_PRIVILEGES` WHERE GRANTEE='''root''@''localhost''' AND PRIVILEGE_TYPE='TRIGGER'
2020-01-06T19:56:54.922087Z	   44 Query	SHOW TABLES FROM `ModuleCMS`
2020-01-06T19:56:54.922501Z	   44 Query	SELECT `PRIVILEGE_TYPE` FROM `INFORMATION_SCHEMA`.`USER_PRIVILEGES` WHERE GRANTEE='''root''@''localhost''' AND PRIVILEGE_TYPE='EVENT'
2020-01-06T19:56:54.922829Z	   44 Query	SELECT `PRIVILEGE_TYPE` FROM `INFORMATION_SCHEMA`.`USER_PRIVILEGES` WHERE GRANTEE='''root''@''localhost''' AND PRIVILEGE_TYPE='TRIGGER'
2020-01-06T19:56:54.925138Z	   45 Quit	
2020-01-06T19:56:54.925505Z	   44 Quit	
2020-01-06T20:20:24.802481Z	   46 Connect	root@localhost on  using Socket
2020-01-06T20:20:24.802679Z	   46 Query	SELECT @@version, @@version_comment
2020-01-06T20:20:24.805064Z	   46 Query	SET NAMES 'utf8mb4' COLLATE 'utf8mb4_general_ci'
2020-01-06T20:20:24.805171Z	   46 Query	SET lc_messages = 'en_US'
2020-01-06T20:20:24.809736Z	   47 Connect	root@localhost on  using Socket
2020-01-06T20:20:24.822228Z	   47 Query	SHOW TABLES FROM `ModuleCMS`
2020-01-06T20:20:24.828225Z	   46 Query	SELECT `SCHEMA_NAME` FROM `INFORMATION_SCHEMA`.`SCHEMATA`
2020-01-06T20:20:24.846480Z	   46 Query	SET collation_connection = 'utf8mb4_unicode_ci'
2020-01-06T20:20:24.847265Z	   46 Query	SHOW TABLES FROM `ModuleCMS`
2020-01-06T20:20:24.847747Z	   46 Query	SELECT `PRIVILEGE_TYPE` FROM `INFORMATION_SCHEMA`.`USER_PRIVILEGES` WHERE GRANTEE='''root''@''localhost''' AND PRIVILEGE_TYPE='EVENT'
2020-01-06T20:20:24.848125Z	   46 Query	SELECT `PRIVILEGE_TYPE` FROM `INFORMATION_SCHEMA`.`USER_PRIVILEGES` WHERE GRANTEE='''root''@''localhost''' AND PRIVILEGE_TYPE='TRIGGER'
2020-01-06T20:20:24.892557Z	   46 Query	SHOW TABLES FROM `ModuleCMS`
2020-01-06T20:20:24.893080Z	   46 Query	SELECT `PRIVILEGE_TYPE` FROM `INFORMATION_SCHEMA`.`USER_PRIVILEGES` WHERE GRANTEE='''root''@''localhost''' AND PRIVILEGE_TYPE='EVENT'
2020-01-06T20:20:24.893562Z	   46 Query	SELECT `PRIVILEGE_TYPE` FROM `INFORMATION_SCHEMA`.`USER_PRIVILEGES` WHERE GRANTEE='''root''@''localhost''' AND PRIVILEGE_TYPE='TRIGGER'
2020-01-06T20:20:24.895903Z	   47 Quit	
2020-01-06T20:20:24.896096Z	   46 Quit	
2020-01-06T20:43:54.758154Z	   48 Connect	root@localhost on  using Socket
2020-01-06T20:43:54.758842Z	   48 Query	SELECT @@version, @@version_comment
2020-01-06T20:43:54.761517Z	   48 Query	SET NAMES 'utf8mb4' COLLATE 'utf8mb4_general_ci'
2020-01-06T20:43:54.761648Z	   48 Query	SET lc_messages = 'en_US'
2020-01-06T20:43:54.765725Z	   49 Connect	root@localhost on  using Socket
2020-01-06T20:43:54.775548Z	   49 Query	SHOW TABLES FROM `ModuleCMS`
2020-01-06T20:43:54.781898Z	   48 Query	SELECT `SCHEMA_NAME` FROM `INFORMATION_SCHEMA`.`SCHEMATA`
2020-01-06T20:43:54.800292Z	   48 Query	SET collation_connection = 'utf8mb4_unicode_ci'
2020-01-06T20:43:54.800950Z	   48 Query	SHOW TABLES FROM `ModuleCMS`
2020-01-06T20:43:54.801417Z	   48 Query	SELECT `PRIVILEGE_TYPE` FROM `INFORMATION_SCHEMA`.`USER_PRIVILEGES` WHERE GRANTEE='''root''@''localhost''' AND PRIVILEGE_TYPE='EVENT'
2020-01-06T20:43:54.801899Z	   48 Query	SELECT `PRIVILEGE_TYPE` FROM `INFORMATION_SCHEMA`.`USER_PRIVILEGES` WHERE GRANTEE='''root''@''localhost''' AND PRIVILEGE_TYPE='TRIGGER'
2020-01-06T20:43:54.838384Z	   48 Query	SHOW TABLES FROM `ModuleCMS`
2020-01-06T20:43:54.838862Z	   48 Query	SELECT `PRIVILEGE_TYPE` FROM `INFORMATION_SCHEMA`.`USER_PRIVILEGES` WHERE GRANTEE='''root''@''localhost''' AND PRIVILEGE_TYPE='EVENT'
2020-01-06T20:43:54.839218Z	   48 Query	SELECT `PRIVILEGE_TYPE` FROM `INFORMATION_SCHEMA`.`USER_PRIVILEGES` WHERE GRANTEE='''root''@''localhost''' AND PRIVILEGE_TYPE='TRIGGER'
2020-01-06T20:43:54.843001Z	   49 Quit	
2020-01-06T20:43:54.843173Z	   48 Quit	
2020-01-06T21:07:24.685801Z	   50 Connect	root@localhost on  using Socket
2020-01-06T21:07:24.686036Z	   50 Query	SELECT @@version, @@version_comment
2020-01-06T21:07:24.687708Z	   50 Query	SET NAMES 'utf8mb4' COLLATE 'utf8mb4_general_ci'
2020-01-06T21:07:24.687866Z	   50 Query	SET lc_messages = 'en_US'
2020-01-06T21:07:24.689970Z	   51 Connect	root@localhost on  using Socket
2020-01-06T21:07:24.696632Z	   51 Query	SHOW TABLES FROM `ModuleCMS`
2020-01-06T21:07:24.698619Z	   50 Query	SELECT `SCHEMA_NAME` FROM `INFORMATION_SCHEMA`.`SCHEMATA`
2020-01-06T21:07:24.708356Z	   50 Query	SET collation_connection = 'utf8mb4_unicode_ci'
2020-01-06T21:07:24.708798Z	   50 Query	SHOW TABLES FROM `ModuleCMS`
2020-01-06T21:07:24.709173Z	   50 Query	SELECT `PRIVILEGE_TYPE` FROM `INFORMATION_SCHEMA`.`USER_PRIVILEGES` WHERE GRANTEE='''root''@''localhost''' AND PRIVILEGE_TYPE='EVENT'
2020-01-06T21:07:24.709504Z	   50 Query	SELECT `PRIVILEGE_TYPE` FROM `INFORMATION_SCHEMA`.`USER_PRIVILEGES` WHERE GRANTEE='''root''@''localhost''' AND PRIVILEGE_TYPE='TRIGGER'
2020-01-06T21:07:24.727167Z	   50 Query	SHOW TABLES FROM `ModuleCMS`
2020-01-06T21:07:24.727575Z	   50 Query	SELECT `PRIVILEGE_TYPE` FROM `INFORMATION_SCHEMA`.`USER_PRIVILEGES` WHERE GRANTEE='''root''@''localhost''' AND PRIVILEGE_TYPE='EVENT'
2020-01-06T21:07:24.727895Z	   50 Query	SELECT `PRIVILEGE_TYPE` FROM `INFORMATION_SCHEMA`.`USER_PRIVILEGES` WHERE GRANTEE='''root''@''localhost''' AND PRIVILEGE_TYPE='TRIGGER'
2020-01-06T21:07:24.729896Z	   51 Quit	
2020-01-06T21:07:24.730084Z	   50 Quit	
2020-01-06T21:30:31.764670Z	   52 Connect	root@localhost on  using Socket
2020-01-06T21:30:31.764946Z	   52 Query	SELECT @@version, @@version_comment
2020-01-06T21:30:31.768313Z	   52 Query	SET NAMES 'utf8mb4' COLLATE 'utf8mb4_general_ci'
2020-01-06T21:30:31.768513Z	   52 Query	SET lc_messages = 'en_US'
2020-01-06T21:30:31.774649Z	   53 Connect	root@localhost on  using Socket
2020-01-06T21:30:31.785895Z	   53 Query	SHOW TABLES FROM `ModuleCMS`
2020-01-06T21:30:31.793915Z	   52 Query	SELECT `SCHEMA_NAME` FROM `INFORMATION_SCHEMA`.`SCHEMATA`
2020-01-06T21:30:31.818606Z	   52 Query	SET collation_connection = 'utf8mb4_unicode_ci'
2020-01-06T21:30:31.819205Z	   52 Query	SHOW TABLES FROM `ModuleCMS`
2020-01-06T21:30:31.819715Z	   52 Query	SELECT `PRIVILEGE_TYPE` FROM `INFORMATION_SCHEMA`.`USER_PRIVILEGES` WHERE GRANTEE='''root''@''localhost''' AND PRIVILEGE_TYPE='EVENT'
2020-01-06T21:30:31.820083Z	   52 Query	SELECT `PRIVILEGE_TYPE` FROM `INFORMATION_SCHEMA`.`USER_PRIVILEGES` WHERE GRANTEE='''root''@''localhost''' AND PRIVILEGE_TYPE='TRIGGER'
2020-01-06T21:30:31.865765Z	   52 Query	SHOW TABLES FROM `ModuleCMS`
2020-01-06T21:30:31.866311Z	   52 Query	SELECT `PRIVILEGE_TYPE` FROM `INFORMATION_SCHEMA`.`USER_PRIVILEGES` WHERE GRANTEE='''root''@''localhost''' AND PRIVILEGE_TYPE='EVENT'
2020-01-06T21:30:31.866680Z	   52 Query	SELECT `PRIVILEGE_TYPE` FROM `INFORMATION_SCHEMA`.`USER_PRIVILEGES` WHERE GRANTEE='''root''@''localhost''' AND PRIVILEGE_TYPE='TRIGGER'
2020-01-06T21:30:31.869053Z	   53 Quit	
2020-01-06T21:30:31.869227Z	   52 Quit	
2020-01-07T06:35:32.244827Z	   54 Connect	root@localhost on  using Socket
2020-01-07T06:35:32.252524Z	   54 Query	SELECT @@version, @@version_comment
2020-01-07T06:35:32.263440Z	   54 Query	SET NAMES 'utf8mb4' COLLATE 'utf8mb4_general_ci'
2020-01-07T06:35:32.264484Z	   54 Query	SET lc_messages = 'en_US'
2020-01-07T06:35:32.272789Z	   55 Connect	root@localhost on  using Socket
2020-01-07T06:35:32.288417Z	   55 Query	SHOW TABLES FROM `ModuleCMS`
2020-01-07T06:35:32.305865Z	   54 Query	SELECT `SCHEMA_NAME` FROM `INFORMATION_SCHEMA`.`SCHEMATA`
2020-01-07T06:35:32.331135Z	   54 Query	SET collation_connection = 'utf8mb4_unicode_ci'
2020-01-07T06:35:32.332928Z	   54 Query	SHOW TABLES FROM `ModuleCMS`
2020-01-07T06:35:32.335282Z	   54 Query	SELECT `PRIVILEGE_TYPE` FROM `INFORMATION_SCHEMA`.`USER_PRIVILEGES` WHERE GRANTEE='''root''@''localhost''' AND PRIVILEGE_TYPE='EVENT'
2020-01-07T06:35:32.337578Z	   54 Query	SELECT `PRIVILEGE_TYPE` FROM `INFORMATION_SCHEMA`.`USER_PRIVILEGES` WHERE GRANTEE='''root''@''localhost''' AND PRIVILEGE_TYPE='TRIGGER'
2020-01-07T06:35:32.393556Z	   54 Query	SHOW TABLES FROM `ModuleCMS`
2020-01-07T06:35:32.394076Z	   54 Query	SELECT `PRIVILEGE_TYPE` FROM `INFORMATION_SCHEMA`.`USER_PRIVILEGES` WHERE GRANTEE='''root''@''localhost''' AND PRIVILEGE_TYPE='EVENT'
2020-01-07T06:35:32.394422Z	   54 Query	SELECT `PRIVILEGE_TYPE` FROM `INFORMATION_SCHEMA`.`USER_PRIVILEGES` WHERE GRANTEE='''root''@''localhost''' AND PRIVILEGE_TYPE='TRIGGER'
2020-01-07T06:35:32.405030Z	   55 Quit	
2020-01-07T06:35:32.405215Z	   54 Quit	
2020-01-07T19:14:57.913714Z	   56 Connect	root@localhost on  using Socket
2020-01-07T19:14:57.914763Z	   56 Query	SELECT @@version, @@version_comment
2020-01-07T19:14:57.918564Z	   56 Query	SET NAMES 'utf8mb4' COLLATE 'utf8mb4_general_ci'
2020-01-07T19:14:57.918768Z	   56 Query	SET lc_messages = 'en_US'
2020-01-07T19:14:57.924450Z	   57 Connect	root@localhost on  using Socket
2020-01-07T19:14:57.935953Z	   57 Query	SHOW TABLES FROM `ModuleCMS`
2020-01-07T19:14:57.941503Z	   56 Query	SELECT `SCHEMA_NAME` FROM `INFORMATION_SCHEMA`.`SCHEMATA`
2020-01-07T19:14:57.958882Z	   56 Query	SET collation_connection = 'utf8mb4_unicode_ci'
2020-01-07T19:14:57.959461Z	   56 Query	SHOW TABLES FROM `ModuleCMS`
2020-01-07T19:14:57.959882Z	   56 Query	SELECT `PRIVILEGE_TYPE` FROM `INFORMATION_SCHEMA`.`USER_PRIVILEGES` WHERE GRANTEE='''root''@''localhost''' AND PRIVILEGE_TYPE='EVENT'
2020-01-07T19:14:57.960346Z	   56 Query	SELECT `PRIVILEGE_TYPE` FROM `INFORMATION_SCHEMA`.`USER_PRIVILEGES` WHERE GRANTEE='''root''@''localhost''' AND PRIVILEGE_TYPE='TRIGGER'
2020-01-07T19:14:57.995760Z	   56 Query	SHOW TABLES FROM `ModuleCMS`
2020-01-07T19:14:57.996217Z	   56 Query	SELECT `PRIVILEGE_TYPE` FROM `INFORMATION_SCHEMA`.`USER_PRIVILEGES` WHERE GRANTEE='''root''@''localhost''' AND PRIVILEGE_TYPE='EVENT'
2020-01-07T19:14:57.996608Z	   56 Query	SELECT `PRIVILEGE_TYPE` FROM `INFORMATION_SCHEMA`.`USER_PRIVILEGES` WHERE GRANTEE='''root''@''localhost''' AND PRIVILEGE_TYPE='TRIGGER'
2020-01-07T19:14:57.998834Z	   57 Quit	
2020-01-07T19:14:57.999020Z	   56 Quit	
2020-01-07T19:38:12.325940Z	   58 Connect	root@localhost on  using Socket
2020-01-07T19:38:12.327822Z	   58 Query	SELECT @@version, @@version_comment
2020-01-07T19:38:12.331135Z	   58 Query	SET NAMES 'utf8mb4' COLLATE 'utf8mb4_general_ci'
2020-01-07T19:38:12.331567Z	   58 Query	SET lc_messages = 'en_US'
2020-01-07T19:38:12.339015Z	   59 Connect	root@localhost on  using Socket
2020-01-07T19:38:12.354303Z	   59 Query	SHOW TABLES FROM `ModuleCMS`
2020-01-07T19:38:12.360799Z	   58 Query	SELECT `SCHEMA_NAME` FROM `INFORMATION_SCHEMA`.`SCHEMATA`
2020-01-07T19:38:12.379467Z	   58 Query	SET collation_connection = 'utf8mb4_unicode_ci'
2020-01-07T19:38:12.380140Z	   58 Query	SHOW TABLES FROM `ModuleCMS`
2020-01-07T19:38:12.380610Z	   58 Query	SELECT `PRIVILEGE_TYPE` FROM `INFORMATION_SCHEMA`.`USER_PRIVILEGES` WHERE GRANTEE='''root''@''localhost''' AND PRIVILEGE_TYPE='EVENT'
2020-01-07T19:38:12.381123Z	   58 Query	SELECT `PRIVILEGE_TYPE` FROM `INFORMATION_SCHEMA`.`USER_PRIVILEGES` WHERE GRANTEE='''root''@''localhost''' AND PRIVILEGE_TYPE='TRIGGER'
2020-01-07T19:38:12.419940Z	   58 Query	SHOW TABLES FROM `ModuleCMS`
2020-01-07T19:38:12.420402Z	   58 Query	SELECT `PRIVILEGE_TYPE` FROM `INFORMATION_SCHEMA`.`USER_PRIVILEGES` WHERE GRANTEE='''root''@''localhost''' AND PRIVILEGE_TYPE='EVENT'
2020-01-07T19:38:12.420734Z	   58 Query	SELECT `PRIVILEGE_TYPE` FROM `INFORMATION_SCHEMA`.`USER_PRIVILEGES` WHERE GRANTEE='''root''@''localhost''' AND PRIVILEGE_TYPE='TRIGGER'
2020-01-07T19:38:12.423076Z	   59 Quit	
2020-01-07T19:38:12.423254Z	   58 Quit	
2020-01-07T20:01:11.187312Z	   60 Connect	root@localhost on  using Socket
2020-01-07T20:01:11.192902Z	   60 Query	SELECT @@version, @@version_comment
2020-01-07T20:01:11.195680Z	   60 Query	SET NAMES 'utf8mb4' COLLATE 'utf8mb4_general_ci'
2020-01-07T20:01:11.195857Z	   60 Query	SET lc_messages = 'en_US'
2020-01-07T20:01:11.201260Z	   61 Connect	root@localhost on  using Socket
2020-01-07T20:01:11.213351Z	   61 Query	SHOW TABLES FROM `ModuleCMS`
2020-01-07T20:01:11.218634Z	   60 Query	SELECT `SCHEMA_NAME` FROM `INFORMATION_SCHEMA`.`SCHEMATA`
2020-01-07T20:01:11.234571Z	   60 Query	SET collation_connection = 'utf8mb4_unicode_ci'
2020-01-07T20:01:11.235158Z	   60 Query	SHOW TABLES FROM `ModuleCMS`
2020-01-07T20:01:11.236601Z	   60 Query	SELECT `PRIVILEGE_TYPE` FROM `INFORMATION_SCHEMA`.`USER_PRIVILEGES` WHERE GRANTEE='''root''@''localhost''' AND PRIVILEGE_TYPE='EVENT'
2020-01-07T20:01:11.236967Z	   60 Query	SELECT `PRIVILEGE_TYPE` FROM `INFORMATION_SCHEMA`.`USER_PRIVILEGES` WHERE GRANTEE='''root''@''localhost''' AND PRIVILEGE_TYPE='TRIGGER'
2020-01-07T20:01:11.269970Z	   60 Query	SHOW TABLES FROM `ModuleCMS`
2020-01-07T20:01:11.270428Z	   60 Query	SELECT `PRIVILEGE_TYPE` FROM `INFORMATION_SCHEMA`.`USER_PRIVILEGES` WHERE GRANTEE='''root''@''localhost''' AND PRIVILEGE_TYPE='EVENT'
2020-01-07T20:01:11.270767Z	   60 Query	SELECT `PRIVILEGE_TYPE` FROM `INFORMATION_SCHEMA`.`USER_PRIVILEGES` WHERE GRANTEE='''root''@''localhost''' AND PRIVILEGE_TYPE='TRIGGER'
2020-01-07T20:01:11.272972Z	   61 Quit	
2020-01-07T20:01:11.273177Z	   60 Quit	
2020-01-07T20:20:09.894212Z	   31 Prepare	SELECT COUNT(*) as count FROM users WHERE user_email = ? LIMIT 1
2020-01-07T20:20:09.895713Z	   31 Execute	SELECT COUNT(*) as count FROM users WHERE user_email = 'jcmaxuser@gmail.com' LIMIT 1
2020-01-07T20:20:09.904795Z	   31 Prepare	SELECT user_id as id FROM users WHERE user_email = ? LIMIT 1
2020-01-07T20:20:09.904933Z	   31 Close stmt	
2020-01-07T20:20:09.904973Z	   31 Execute	SELECT user_id as id FROM users WHERE user_email = 'jcmaxuser@gmail.com' LIMIT 1
2020-01-07T20:20:09.908172Z	   31 Prepare	SELECT t1.role_id, t2.role_name 
        FROM user_role as t1 JOIN roles as t2 ON t1.role_id = t2.role_id 
        WHERE t1.user_id = ?
2020-01-07T20:20:09.908264Z	   31 Execute	SELECT t1.role_id, t2.role_name 
        FROM user_role as t1 JOIN roles as t2 ON t1.role_id = t2.role_id 
        WHERE t1.user_id = '4'
2020-01-07T20:20:09.917193Z	   31 Prepare	SELECT t2.perm_desc 
        FROM role_perm as t1 JOIN permissions as t2 ON t1.perm_id = t2.perm_id 
        WHERE t1.role_id = ?
2020-01-07T20:20:09.917276Z	   31 Execute	SELECT t2.perm_desc 
        FROM role_perm as t1 JOIN permissions as t2 ON t1.perm_id = t2.perm_id 
        WHERE t1.role_id = '3'
2020-01-07T20:20:09.918190Z	   31 Close stmt	
2020-01-07T20:20:09.918222Z	   31 Close stmt	
2020-01-07T20:20:09.918873Z	   31 Prepare	SELECT 
			user_id as id, 
			user_name as name, 
			user_email as email, 
			user_registration_date as regdate,
			user_password as password, 
			user_hash as hash
			FROM users
			WHERE user_email = ? LIMIT 1
2020-01-07T20:20:09.918966Z	   31 Close stmt	
2020-01-07T20:20:09.919024Z	   31 Execute	SELECT 
			user_id as id, 
			user_name as name, 
			user_email as email, 
			user_registration_date as regdate,
			user_password as password, 
			user_hash as hash
			FROM users
			WHERE user_email = 'jcmaxuser@gmail.com' LIMIT 1
2020-01-07T20:20:09.922861Z	   31 Prepare	SELECT 
				token_hash as token,
				token_created as tcreated,
				token_expires as texpires 
				FROM user_tokens WHERE token_user_id = ? LIMIT 1
2020-01-07T20:20:09.922927Z	   31 Close stmt	
2020-01-07T20:20:09.922954Z	   31 Execute	SELECT 
				token_hash as token,
				token_created as tcreated,
				token_expires as texpires 
				FROM user_tokens WHERE token_user_id = '4' LIMIT 1
2020-01-07T20:20:09.923239Z	   31 Close stmt	
2020-01-07T20:23:57.738265Z	   62 Connect	root@localhost on  using Socket
2020-01-07T20:23:57.738536Z	   62 Query	SELECT @@version, @@version_comment
2020-01-07T20:23:57.741017Z	   62 Query	SET NAMES 'utf8mb4' COLLATE 'utf8mb4_general_ci'
2020-01-07T20:23:57.741165Z	   62 Query	SET lc_messages = 'en_US'
2020-01-07T20:23:57.745720Z	   63 Connect	root@localhost on  using Socket
2020-01-07T20:23:57.756223Z	   63 Query	SHOW TABLES FROM `ModuleCMS`
2020-01-07T20:23:57.760664Z	   62 Query	SELECT `SCHEMA_NAME` FROM `INFORMATION_SCHEMA`.`SCHEMATA`
2020-01-07T20:23:57.777007Z	   62 Query	SET collation_connection = 'utf8mb4_unicode_ci'
2020-01-07T20:23:57.777572Z	   62 Query	SHOW TABLES FROM `ModuleCMS`
2020-01-07T20:23:57.778000Z	   62 Query	SELECT `PRIVILEGE_TYPE` FROM `INFORMATION_SCHEMA`.`USER_PRIVILEGES` WHERE GRANTEE='''root''@''localhost''' AND PRIVILEGE_TYPE='EVENT'
2020-01-07T20:23:57.778370Z	   62 Query	SELECT `PRIVILEGE_TYPE` FROM `INFORMATION_SCHEMA`.`USER_PRIVILEGES` WHERE GRANTEE='''root''@''localhost''' AND PRIVILEGE_TYPE='TRIGGER'
2020-01-07T20:23:57.810597Z	   62 Query	SHOW TABLES FROM `ModuleCMS`
2020-01-07T20:23:57.811069Z	   62 Query	SELECT `PRIVILEGE_TYPE` FROM `INFORMATION_SCHEMA`.`USER_PRIVILEGES` WHERE GRANTEE='''root''@''localhost''' AND PRIVILEGE_TYPE='EVENT'
2020-01-07T20:23:57.811412Z	   62 Query	SELECT `PRIVILEGE_TYPE` FROM `INFORMATION_SCHEMA`.`USER_PRIVILEGES` WHERE GRANTEE='''root''@''localhost''' AND PRIVILEGE_TYPE='TRIGGER'
2020-01-07T20:23:57.813775Z	   63 Quit	
2020-01-07T20:23:57.813922Z	   62 Quit	
2020-01-07T20:47:42.867208Z	   64 Connect	root@localhost on  using Socket
2020-01-07T20:47:42.868844Z	   64 Query	SELECT @@version, @@version_comment
2020-01-07T20:47:42.872360Z	   64 Query	SET NAMES 'utf8mb4' COLLATE 'utf8mb4_general_ci'
2020-01-07T20:47:42.872578Z	   64 Query	SET lc_messages = 'en_US'
2020-01-07T20:47:42.879200Z	   65 Connect	root@localhost on  using Socket
2020-01-07T20:47:42.892091Z	   65 Query	SHOW TABLES FROM `ModuleCMS`
2020-01-07T20:47:42.898344Z	   64 Query	SELECT `SCHEMA_NAME` FROM `INFORMATION_SCHEMA`.`SCHEMATA`
2020-01-07T20:47:42.920533Z	   64 Query	SET collation_connection = 'utf8mb4_unicode_ci'
2020-01-07T20:47:42.921159Z	   64 Query	SHOW TABLES FROM `ModuleCMS`
2020-01-07T20:47:42.921642Z	   64 Query	SELECT `PRIVILEGE_TYPE` FROM `INFORMATION_SCHEMA`.`USER_PRIVILEGES` WHERE GRANTEE='''root''@''localhost''' AND PRIVILEGE_TYPE='EVENT'
2020-01-07T20:47:42.921994Z	   64 Query	SELECT `PRIVILEGE_TYPE` FROM `INFORMATION_SCHEMA`.`USER_PRIVILEGES` WHERE GRANTEE='''root''@''localhost''' AND PRIVILEGE_TYPE='TRIGGER'
2020-01-07T20:47:42.969352Z	   64 Query	SHOW TABLES FROM `ModuleCMS`
2020-01-07T20:47:42.969856Z	   64 Query	SELECT `PRIVILEGE_TYPE` FROM `INFORMATION_SCHEMA`.`USER_PRIVILEGES` WHERE GRANTEE='''root''@''localhost''' AND PRIVILEGE_TYPE='EVENT'
2020-01-07T20:47:42.970203Z	   64 Query	SELECT `PRIVILEGE_TYPE` FROM `INFORMATION_SCHEMA`.`USER_PRIVILEGES` WHERE GRANTEE='''root''@''localhost''' AND PRIVILEGE_TYPE='TRIGGER'
2020-01-07T20:47:42.972870Z	   65 Quit	
2020-01-07T20:47:42.973084Z	   64 Quit	
2020-01-07T21:11:37.638728Z	   66 Connect	root@localhost on  using Socket
2020-01-07T21:11:37.638934Z	   66 Query	SELECT @@version, @@version_comment
2020-01-07T21:11:37.640719Z	   66 Query	SET NAMES 'utf8mb4' COLLATE 'utf8mb4_general_ci'
2020-01-07T21:11:37.640884Z	   66 Query	SET lc_messages = 'en_US'
2020-01-07T21:11:37.644561Z	   67 Connect	root@localhost on  using Socket
2020-01-07T21:11:37.653168Z	   67 Query	SHOW TABLES FROM `ModuleCMS`
2020-01-07T21:11:37.655759Z	   66 Query	SELECT `SCHEMA_NAME` FROM `INFORMATION_SCHEMA`.`SCHEMATA`
2020-01-07T21:11:37.667189Z	   66 Query	SET collation_connection = 'utf8mb4_unicode_ci'
2020-01-07T21:11:37.667780Z	   66 Query	SHOW TABLES FROM `ModuleCMS`
2020-01-07T21:11:37.668206Z	   66 Query	SELECT `PRIVILEGE_TYPE` FROM `INFORMATION_SCHEMA`.`USER_PRIVILEGES` WHERE GRANTEE='''root''@''localhost''' AND PRIVILEGE_TYPE='EVENT'
2020-01-07T21:11:37.668596Z	   66 Query	SELECT `PRIVILEGE_TYPE` FROM `INFORMATION_SCHEMA`.`USER_PRIVILEGES` WHERE GRANTEE='''root''@''localhost''' AND PRIVILEGE_TYPE='TRIGGER'
2020-01-07T21:11:37.690509Z	   66 Query	SHOW TABLES FROM `ModuleCMS`
2020-01-07T21:11:37.690949Z	   66 Query	SELECT `PRIVILEGE_TYPE` FROM `INFORMATION_SCHEMA`.`USER_PRIVILEGES` WHERE GRANTEE='''root''@''localhost''' AND PRIVILEGE_TYPE='EVENT'
2020-01-07T21:11:37.691234Z	   66 Query	SELECT `PRIVILEGE_TYPE` FROM `INFORMATION_SCHEMA`.`USER_PRIVILEGES` WHERE GRANTEE='''root''@''localhost''' AND PRIVILEGE_TYPE='TRIGGER'
2020-01-07T21:11:37.694699Z	   67 Quit	
2020-01-07T21:11:37.694888Z	   66 Quit	
2020-01-07T21:35:16.499356Z	   68 Connect	root@localhost on  using Socket
2020-01-07T21:35:16.502324Z	   68 Query	SELECT @@version, @@version_comment
2020-01-07T21:35:16.505851Z	   68 Query	SET NAMES 'utf8mb4' COLLATE 'utf8mb4_general_ci'
2020-01-07T21:35:16.506149Z	   68 Query	SET lc_messages = 'en_US'
2020-01-07T21:35:16.514134Z	   69 Connect	root@localhost on  using Socket
2020-01-07T21:35:16.523646Z	   69 Query	SHOW TABLES FROM `ModuleCMS`
2020-01-07T21:35:16.530000Z	   68 Query	SELECT `SCHEMA_NAME` FROM `INFORMATION_SCHEMA`.`SCHEMATA`
2020-01-07T21:35:16.547536Z	   68 Query	SET collation_connection = 'utf8mb4_unicode_ci'
2020-01-07T21:35:16.549144Z	   68 Query	SHOW TABLES FROM `ModuleCMS`
2020-01-07T21:35:16.549603Z	   68 Query	SELECT `PRIVILEGE_TYPE` FROM `INFORMATION_SCHEMA`.`USER_PRIVILEGES` WHERE GRANTEE='''root''@''localhost''' AND PRIVILEGE_TYPE='EVENT'
2020-01-07T21:35:16.550097Z	   68 Query	SELECT `PRIVILEGE_TYPE` FROM `INFORMATION_SCHEMA`.`USER_PRIVILEGES` WHERE GRANTEE='''root''@''localhost''' AND PRIVILEGE_TYPE='TRIGGER'
2020-01-07T21:35:16.588184Z	   68 Query	SHOW TABLES FROM `ModuleCMS`
2020-01-07T21:35:16.588614Z	   68 Query	SELECT `PRIVILEGE_TYPE` FROM `INFORMATION_SCHEMA`.`USER_PRIVILEGES` WHERE GRANTEE='''root''@''localhost''' AND PRIVILEGE_TYPE='EVENT'
2020-01-07T21:35:16.588924Z	   68 Query	SELECT `PRIVILEGE_TYPE` FROM `INFORMATION_SCHEMA`.`USER_PRIVILEGES` WHERE GRANTEE='''root''@''localhost''' AND PRIVILEGE_TYPE='TRIGGER'
2020-01-07T21:35:16.591253Z	   69 Quit	
2020-01-07T21:35:16.592445Z	   68 Quit	
2020-01-07T21:58:57.000673Z	   70 Connect	root@localhost on  using Socket
2020-01-07T21:58:57.002574Z	   70 Query	SELECT @@version, @@version_comment
2020-01-07T21:58:57.005792Z	   70 Query	SET NAMES 'utf8mb4' COLLATE 'utf8mb4_general_ci'
2020-01-07T21:58:57.005941Z	   70 Query	SET lc_messages = 'en_US'
2020-01-07T21:58:57.014842Z	   71 Connect	root@localhost on  using Socket
2020-01-07T21:58:57.024013Z	   71 Query	SHOW TABLES FROM `ModuleCMS`
2020-01-07T21:58:57.029959Z	   70 Query	SELECT `SCHEMA_NAME` FROM `INFORMATION_SCHEMA`.`SCHEMATA`
2020-01-07T21:58:57.048708Z	   70 Query	SET collation_connection = 'utf8mb4_unicode_ci'
2020-01-07T21:58:57.049376Z	   70 Query	SHOW TABLES FROM `ModuleCMS`
2020-01-07T21:58:57.049828Z	   70 Query	SELECT `PRIVILEGE_TYPE` FROM `INFORMATION_SCHEMA`.`USER_PRIVILEGES` WHERE GRANTEE='''root''@''localhost''' AND PRIVILEGE_TYPE='EVENT'
2020-01-07T21:58:57.051353Z	   70 Query	SELECT `PRIVILEGE_TYPE` FROM `INFORMATION_SCHEMA`.`USER_PRIVILEGES` WHERE GRANTEE='''root''@''localhost''' AND PRIVILEGE_TYPE='TRIGGER'
2020-01-07T21:58:57.087871Z	   70 Query	SHOW TABLES FROM `ModuleCMS`
2020-01-07T21:58:57.088371Z	   70 Query	SELECT `PRIVILEGE_TYPE` FROM `INFORMATION_SCHEMA`.`USER_PRIVILEGES` WHERE GRANTEE='''root''@''localhost''' AND PRIVILEGE_TYPE='EVENT'
2020-01-07T21:58:57.088758Z	   70 Query	SELECT `PRIVILEGE_TYPE` FROM `INFORMATION_SCHEMA`.`USER_PRIVILEGES` WHERE GRANTEE='''root''@''localhost''' AND PRIVILEGE_TYPE='TRIGGER'
2020-01-07T21:58:57.091090Z	   71 Quit	
2020-01-07T21:58:57.091225Z	   70 Quit	
2020-01-07T22:22:43.227341Z	   72 Connect	root@localhost on  using Socket
2020-01-07T22:22:43.229000Z	   72 Query	SELECT @@version, @@version_comment
2020-01-07T22:22:43.231745Z	   72 Query	SET NAMES 'utf8mb4' COLLATE 'utf8mb4_general_ci'
2020-01-07T22:22:43.231927Z	   72 Query	SET lc_messages = 'en_US'
2020-01-07T22:22:43.237536Z	   73 Connect	root@localhost on  using Socket
2020-01-07T22:22:43.249795Z	   73 Query	SHOW TABLES FROM `ModuleCMS`
2020-01-07T22:22:43.256659Z	   72 Query	SELECT `SCHEMA_NAME` FROM `INFORMATION_SCHEMA`.`SCHEMATA`
2020-01-07T22:22:43.275300Z	   72 Query	SET collation_connection = 'utf8mb4_unicode_ci'
2020-01-07T22:22:43.275910Z	   72 Query	SHOW TABLES FROM `ModuleCMS`
2020-01-07T22:22:43.276286Z	   72 Query	SELECT `PRIVILEGE_TYPE` FROM `INFORMATION_SCHEMA`.`USER_PRIVILEGES` WHERE GRANTEE='''root''@''localhost''' AND PRIVILEGE_TYPE='EVENT'
2020-01-07T22:22:43.276633Z	   72 Query	SELECT `PRIVILEGE_TYPE` FROM `INFORMATION_SCHEMA`.`USER_PRIVILEGES` WHERE GRANTEE='''root''@''localhost''' AND PRIVILEGE_TYPE='TRIGGER'
2020-01-07T22:22:43.312146Z	   72 Query	SHOW TABLES FROM `ModuleCMS`
2020-01-07T22:22:43.312680Z	   72 Query	SELECT `PRIVILEGE_TYPE` FROM `INFORMATION_SCHEMA`.`USER_PRIVILEGES` WHERE GRANTEE='''root''@''localhost''' AND PRIVILEGE_TYPE='EVENT'
2020-01-07T22:22:43.313102Z	   72 Query	SELECT `PRIVILEGE_TYPE` FROM `INFORMATION_SCHEMA`.`USER_PRIVILEGES` WHERE GRANTEE='''root''@''localhost''' AND PRIVILEGE_TYPE='TRIGGER'
2020-01-07T22:22:43.315450Z	   73 Quit	
2020-01-07T22:22:43.315610Z	   72 Quit	
2020-01-08T14:35:00.829433Z	   74 Connect	root@localhost on  using Socket
2020-01-08T14:35:00.833293Z	   74 Init DB	mysql
2020-01-08T14:35:00.836742Z	   74 Query	SHOW /*!50002 FULL*/ TABLES
2020-01-08T14:35:00.861587Z	   74 Init DB	mysql
2020-01-08T14:35:00.862471Z	   74 Query	CHECK TABLE `columns_priv`  QUICK FOR UPGRADE
2020-01-08T14:35:00.868290Z	   74 Query	CHECK TABLE `db`  QUICK FOR UPGRADE
2020-01-08T14:35:00.868813Z	   74 Query	CHECK TABLE `engine_cost`  QUICK FOR UPGRADE
2020-01-08T14:35:00.873253Z	   74 Query	CHECK TABLE `event`  QUICK FOR UPGRADE
2020-01-08T14:35:00.873671Z	   74 Query	CHECK TABLE `func`  QUICK FOR UPGRADE
2020-01-08T14:35:00.874104Z	   74 Query	CHECK TABLE `general_log`  QUICK FOR UPGRADE
2020-01-08T14:35:00.874476Z	   74 Query	CHECK TABLE `gtid_executed`  QUICK FOR UPGRADE
2020-01-08T14:35:00.874734Z	   74 Query	CHECK TABLE `help_category`  QUICK FOR UPGRADE
2020-01-08T14:35:00.874976Z	   74 Query	CHECK TABLE `help_keyword`  QUICK FOR UPGRADE
2020-01-08T14:35:00.877148Z	   74 Query	CHECK TABLE `help_relation`  QUICK FOR UPGRADE
2020-01-08T14:35:00.877350Z	   74 Query	CHECK TABLE `help_topic`  QUICK FOR UPGRADE
2020-01-08T14:35:00.877550Z	   74 Query	CHECK TABLE `innodb_index_stats`  QUICK FOR UPGRADE
2020-01-08T14:35:00.877768Z	   74 Query	CHECK TABLE `innodb_table_stats`  QUICK FOR UPGRADE
2020-01-08T14:35:00.877966Z	   74 Query	CHECK TABLE `ndb_binlog_index`  QUICK FOR UPGRADE
2020-01-08T14:35:00.878281Z	   74 Query	CHECK TABLE `plugin`  QUICK FOR UPGRADE
2020-01-08T14:35:00.878467Z	   74 Query	CHECK TABLE `proc`  QUICK FOR UPGRADE
2020-01-08T14:35:00.878821Z	   74 Query	CHECK TABLE `procs_priv`  QUICK FOR UPGRADE
2020-01-08T14:35:00.879141Z	   74 Query	CHECK TABLE `proxies_priv`  QUICK FOR UPGRADE
2020-01-08T14:35:00.880345Z	   74 Query	CHECK TABLE `server_cost`  QUICK FOR UPGRADE
2020-01-08T14:35:00.881494Z	   74 Query	CHECK TABLE `servers`  QUICK FOR UPGRADE
2020-01-08T14:35:00.881767Z	   74 Query	CHECK TABLE `slave_master_info`  QUICK FOR UPGRADE
2020-01-08T14:35:00.881984Z	   74 Query	CHECK TABLE `slave_relay_log_info`  QUICK FOR UPGRADE
2020-01-08T14:35:00.882189Z	   74 Query	CHECK TABLE `slave_worker_info`  QUICK FOR UPGRADE
2020-01-08T14:35:00.883402Z	   74 Query	CHECK TABLE `slow_log`  QUICK FOR UPGRADE
2020-01-08T14:35:00.884708Z	   74 Query	CHECK TABLE `tables_priv`  QUICK FOR UPGRADE
2020-01-08T14:35:00.885151Z	   74 Query	CHECK TABLE `time_zone`  QUICK FOR UPGRADE
2020-01-08T14:35:00.885405Z	   74 Query	CHECK TABLE `time_zone_leap_second`  QUICK FOR UPGRADE
2020-01-08T14:35:00.885605Z	   74 Query	CHECK TABLE `time_zone_name`  QUICK FOR UPGRADE
2020-01-08T14:35:00.886741Z	   74 Query	CHECK TABLE `time_zone_transition`  QUICK FOR UPGRADE
2020-01-08T14:35:00.886923Z	   74 Query	CHECK TABLE `time_zone_transition_type`  QUICK FOR UPGRADE
2020-01-08T14:35:00.887087Z	   74 Query	CHECK TABLE `user`  QUICK FOR UPGRADE
2020-01-08T14:35:00.887482Z	   74 Quit	
2020-01-08T14:35:06.320392Z	   75 Connect	root@localhost on  using Socket
2020-01-08T14:35:06.321711Z	   75 Query	SELECT @@version, @@version_comment
2020-01-08T14:35:06.325266Z	   75 Query	SET NAMES 'utf8mb4' COLLATE 'utf8mb4_general_ci'
2020-01-08T14:35:06.325524Z	   75 Query	SET lc_messages = 'en_US'
2020-01-08T14:35:06.330336Z	   76 Connect	root@localhost on  using Socket
2020-01-08T14:35:06.343568Z	   75 Query	SELECT `SCHEMA_NAME` FROM `INFORMATION_SCHEMA`.`SCHEMATA`
2020-01-08T14:35:06.362251Z	   75 Query	SET collation_connection = 'utf8mb4_unicode_ci'
2020-01-08T14:35:06.363248Z	   75 Init DB	mysql
2020-01-08T14:35:06.364128Z	   75 Query	SELECT USER()
2020-01-08T14:35:06.367749Z	   75 Query	SELECT `CHARACTER_SET_NAME` AS `Charset`, `DESCRIPTION` AS `Description` FROM `information_schema`.`CHARACTER_SETS`
2020-01-08T14:35:06.368357Z	   75 Query	SELECT `CHARACTER_SET_NAME` AS `Charset`, `COLLATION_NAME` AS `Collation`, `IS_DEFAULT` AS `Default` FROM `information_schema`.`COLLATIONS`
2020-01-08T14:35:06.407826Z	   75 Query	SHOW SESSION VARIABLES LIKE 'character_set_server'
2020-01-08T14:35:06.428319Z	   75 Query	SELECT `SCHEMA_NAME` FROM `INFORMATION_SCHEMA`.`SCHEMATA`, (SELECT DB_first_level FROM ( SELECT DISTINCT SUBSTRING_INDEX(SCHEMA_NAME, '_', 1) DB_first_level FROM INFORMATION_SCHEMA.SCHEMATA WHERE TRUE ) t ORDER BY DB_first_level ASC LIMIT 0, 100) t2 WHERE TRUE AND 1 = LOCATE(CONCAT(DB_first_level, '_'), CONCAT(SCHEMA_NAME, '_')) ORDER BY SCHEMA_NAME ASC
2020-01-08T14:35:06.432394Z	   75 Query	SELECT COUNT(*) FROM ( SELECT DISTINCT SUBSTRING_INDEX(SCHEMA_NAME, '_', 1) DB_first_level FROM INFORMATION_SCHEMA.SCHEMATA WHERE TRUE ) t
2020-01-08T14:35:06.432950Z	   75 Query	SELECT COUNT(*) FROM ( SELECT DISTINCT SUBSTRING_INDEX(SCHEMA_NAME, '_', 1) DB_first_level FROM INFORMATION_SCHEMA.SCHEMATA WHERE TRUE ) t
2020-01-08T14:35:06.485805Z	   76 Quit	
2020-01-08T14:35:06.486054Z	   75 Quit	
2020-01-08T14:35:07.724261Z	   77 Connect	root@localhost on  using Socket
2020-01-08T14:35:07.724468Z	   77 Query	SELECT @@version, @@version_comment
2020-01-08T14:35:07.726057Z	   77 Query	SET NAMES 'utf8mb4' COLLATE 'utf8mb4_general_ci'
2020-01-08T14:35:07.726160Z	   77 Query	SET lc_messages = 'en_US'
2020-01-08T14:35:07.730211Z	   78 Connect	root@localhost on  using Socket
2020-01-08T14:35:07.739969Z	   77 Query	SELECT `SCHEMA_NAME` FROM `INFORMATION_SCHEMA`.`SCHEMATA`
2020-01-08T14:35:07.750319Z	   77 Query	SET collation_connection = 'utf8mb4_unicode_ci'
2020-01-08T14:35:07.772184Z	   78 Quit	
2020-01-08T14:35:07.772394Z	   77 Quit	
2020-01-08T14:35:07.829349Z	   79 Connect	root@localhost on  using Socket
2020-01-08T14:35:07.829607Z	   79 Query	SELECT @@version, @@version_comment
2020-01-08T14:35:07.831349Z	   79 Query	SET NAMES 'utf8mb4' COLLATE 'utf8mb4_general_ci'
2020-01-08T14:35:07.831514Z	   79 Query	SET lc_messages = 'en_US'
2020-01-08T14:35:07.834417Z	   80 Connect	root@localhost on  using Socket
2020-01-08T14:35:07.843161Z	   79 Query	SELECT `SCHEMA_NAME` FROM `INFORMATION_SCHEMA`.`SCHEMATA`
2020-01-08T14:35:07.854138Z	   79 Query	SET collation_connection = 'utf8mb4_unicode_ci'
2020-01-08T14:35:07.859217Z	   79 Query	SELECT `SCHEMA_NAME` FROM `INFORMATION_SCHEMA`.`SCHEMATA`, (SELECT DB_first_level FROM ( SELECT DISTINCT SUBSTRING_INDEX(SCHEMA_NAME, '_', 1) DB_first_level FROM INFORMATION_SCHEMA.SCHEMATA WHERE TRUE ) t ORDER BY DB_first_level ASC LIMIT 0, 100) t2 WHERE TRUE AND 1 = LOCATE(CONCAT(DB_first_level, '_'), CONCAT(SCHEMA_NAME, '_')) ORDER BY SCHEMA_NAME ASC
2020-01-08T14:35:07.861847Z	   79 Query	SELECT COUNT(*) FROM ( SELECT DISTINCT SUBSTRING_INDEX(SCHEMA_NAME, '_', 1) DB_first_level FROM INFORMATION_SCHEMA.SCHEMATA WHERE TRUE ) t
2020-01-08T14:35:07.862274Z	   79 Query	SELECT COUNT(*) FROM ( SELECT DISTINCT SUBSTRING_INDEX(SCHEMA_NAME, '_', 1) DB_first_level FROM INFORMATION_SCHEMA.SCHEMATA WHERE TRUE ) t
2020-01-08T14:35:07.884195Z	   80 Quit	
2020-01-08T14:35:07.884296Z	   79 Quit	
2020-01-08T14:35:07.900630Z	   81 Connect	root@localhost on  using Socket
2020-01-08T14:35:07.900881Z	   81 Query	SELECT @@version, @@version_comment
2020-01-08T14:35:07.902622Z	   81 Query	SET NAMES 'utf8mb4' COLLATE 'utf8mb4_general_ci'
2020-01-08T14:35:07.902735Z	   81 Query	SET lc_messages = 'en_US'
2020-01-08T14:35:07.905140Z	   82 Connect	root@localhost on  using Socket
2020-01-08T14:35:07.915652Z	   81 Query	SELECT `SCHEMA_NAME` FROM `INFORMATION_SCHEMA`.`SCHEMATA`
2020-01-08T14:35:07.927130Z	   81 Query	SET collation_connection = 'utf8mb4_unicode_ci'
2020-01-08T14:35:07.955927Z	   82 Quit	
2020-01-08T14:35:07.956131Z	   81 Quit	
2020-01-08T14:35:08.037000Z	   83 Connect	root@localhost on  using Socket
2020-01-08T14:35:08.037214Z	   83 Query	SELECT @@version, @@version_comment
2020-01-08T14:35:08.039243Z	   83 Query	SET NAMES 'utf8mb4' COLLATE 'utf8mb4_general_ci'
2020-01-08T14:35:08.039509Z	   83 Query	SET lc_messages = 'en_US'
2020-01-08T14:35:08.041849Z	   84 Connect	root@localhost on  using Socket
2020-01-08T14:35:08.050111Z	   83 Query	SELECT `SCHEMA_NAME` FROM `INFORMATION_SCHEMA`.`SCHEMATA`
2020-01-08T14:35:08.060646Z	   83 Query	SET collation_connection = 'utf8mb4_unicode_ci'
2020-01-08T14:35:08.086515Z	   84 Quit	
2020-01-08T14:35:08.086709Z	   83 Quit	
2020-01-08T14:35:10.259801Z	   85 Connect	root@localhost on  using Socket
2020-01-08T14:35:10.259983Z	   85 Query	SELECT @@version, @@version_comment
2020-01-08T14:35:10.261515Z	   85 Query	SET NAMES 'utf8mb4' COLLATE 'utf8mb4_general_ci'
2020-01-08T14:35:10.261633Z	   85 Query	SET lc_messages = 'en_US'
2020-01-08T14:35:10.263668Z	   86 Connect	root@localhost on  using Socket
2020-01-08T14:35:10.270622Z	   86 Query	SHOW TABLES FROM `ModuleCMS`
2020-01-08T14:35:10.273058Z	   85 Query	SELECT `SCHEMA_NAME` FROM `INFORMATION_SCHEMA`.`SCHEMATA`
2020-01-08T14:35:10.287543Z	   85 Query	SET collation_connection = 'utf8mb4_unicode_ci'
2020-01-08T14:35:10.288417Z	   85 Init DB	modulecms
2020-01-08T14:35:10.293533Z	   85 Query	SHOW TABLES FROM `ModuleCMS`
2020-01-08T14:35:10.293925Z	   85 Query	SELECT @@lower_case_table_names
2020-01-08T14:35:10.294190Z	   85 Query	SELECT *,
                `TABLE_SCHEMA`       AS `Db`,
                `TABLE_NAME`         AS `Name`,
                `TABLE_TYPE`         AS `TABLE_TYPE`,
                `ENGINE`             AS `Engine`,
                `ENGINE`             AS `Type`,
                `VERSION`            AS `Version`,
                `ROW_FORMAT`         AS `Row_format`,
                `TABLE_ROWS`         AS `Rows`,
                `AVG_ROW_LENGTH`     AS `Avg_row_length`,
                `DATA_LENGTH`        AS `Data_length`,
                `MAX_DATA_LENGTH`    AS `Max_data_length`,
                `INDEX_LENGTH`       AS `Index_length`,
                `DATA_FREE`          AS `Data_free`,
                `AUTO_INCREMENT`     AS `Auto_increment`,
                `CREATE_TIME`        AS `Create_time`,
                `UPDATE_TIME`        AS `Update_time`,
                `CHECK_TIME`         AS `Check_time`,
                `TABLE_COLLATION`    AS `Collation`,
                `CHECKSUM`           AS `Checksum`,
                `CREATE_OPTIONS`     AS `Create_options`,
                `TABLE_COMMENT`      AS `Comment`
            FROM `information_schema`.`TABLES` t
            WHERE `TABLE_SCHEMA` COLLATE utf8_general_ci
                IN ('ModuleCMS')
                 ORDER BY Name ASC LIMIT 250 OFFSET 0
2020-01-08T14:35:10.297780Z	   85 Query	SHOW MASTER STATUS
2020-01-08T14:35:10.297998Z	   85 Query	SHOW SLAVE STATUS
2020-01-08T14:35:10.334386Z	   85 Query	SELECT COUNT(*) FROM `ModuleCMS`.`permissions`
2020-01-08T14:35:10.344427Z	   85 Query	SELECT COUNT(*) FROM `ModuleCMS`.`roles`
2020-01-08T14:35:10.345269Z	   85 Query	SELECT COUNT(*) FROM `ModuleCMS`.`role_perm`
2020-01-08T14:35:10.346009Z	   85 Query	SELECT COUNT(*) FROM `ModuleCMS`.`users`
2020-01-08T14:35:10.346689Z	   85 Query	SELECT COUNT(*) FROM `ModuleCMS`.`user_role`
2020-01-08T14:35:10.347362Z	   85 Query	SELECT COUNT(*) FROM `ModuleCMS`.`user_tokens`
2020-01-08T14:35:10.348037Z	   85 Query	SELECT DEFAULT_COLLATION_NAME FROM information_schema.SCHEMATA WHERE SCHEMA_NAME = 'ModuleCMS' LIMIT 1
2020-01-08T14:35:10.356046Z	   85 Query	SELECT @@default_storage_engine
2020-01-08T14:35:10.359683Z	   85 Query	SHOW TABLES FROM `ModuleCMS`
2020-01-08T14:35:10.360140Z	   85 Query	SELECT `PRIVILEGE_TYPE` FROM `INFORMATION_SCHEMA`.`USER_PRIVILEGES` WHERE GRANTEE='''root''@''localhost''' AND PRIVILEGE_TYPE='EVENT'
2020-01-08T14:35:10.360577Z	   85 Query	SELECT `PRIVILEGE_TYPE` FROM `INFORMATION_SCHEMA`.`USER_PRIVILEGES` WHERE GRANTEE='''root''@''localhost''' AND PRIVILEGE_TYPE='TRIGGER'
2020-01-08T14:35:10.362038Z	   85 Query	SHOW TABLES FROM `ModuleCMS`
2020-01-08T14:35:10.362415Z	   85 Query	SELECT `PRIVILEGE_TYPE` FROM `INFORMATION_SCHEMA`.`USER_PRIVILEGES` WHERE GRANTEE='''root''@''localhost''' AND PRIVILEGE_TYPE='EVENT'
2020-01-08T14:35:10.362740Z	   85 Query	SELECT `PRIVILEGE_TYPE` FROM `INFORMATION_SCHEMA`.`USER_PRIVILEGES` WHERE GRANTEE='''root''@''localhost''' AND PRIVILEGE_TYPE='TRIGGER'
2020-01-08T14:35:10.366743Z	   86 Quit	
2020-01-08T14:35:10.367029Z	   85 Quit	
2020-01-08T14:35:10.655048Z	   87 Connect	root@localhost on  using Socket
2020-01-08T14:35:10.655308Z	   87 Query	SELECT @@version, @@version_comment
2020-01-08T14:35:10.657098Z	   87 Query	SET NAMES 'utf8mb4' COLLATE 'utf8mb4_general_ci'
2020-01-08T14:35:10.657218Z	   87 Query	SET lc_messages = 'en_US'
2020-01-08T14:35:10.659293Z	   88 Connect	root@localhost on  using Socket
2020-01-08T14:35:10.667571Z	   87 Query	SELECT `SCHEMA_NAME` FROM `INFORMATION_SCHEMA`.`SCHEMATA`
2020-01-08T14:35:10.678369Z	   87 Query	SET collation_connection = 'utf8mb4_unicode_ci'
2020-01-08T14:35:10.684261Z	   87 Query	SELECT `SCHEMA_NAME` FROM `INFORMATION_SCHEMA`.`SCHEMATA`, (SELECT DB_first_level FROM ( SELECT DISTINCT SUBSTRING_INDEX(SCHEMA_NAME, '_', 1) DB_first_level FROM INFORMATION_SCHEMA.SCHEMATA WHERE TRUE ) t ORDER BY DB_first_level ASC LIMIT 0, 100) t2 WHERE TRUE AND 1 = LOCATE(CONCAT(DB_first_level, '_'), CONCAT(SCHEMA_NAME, '_')) ORDER BY SCHEMA_NAME ASC
2020-01-08T14:35:10.686235Z	   87 Query	SELECT COUNT(*) FROM `INFORMATION_SCHEMA`.`TABLES` WHERE `TABLE_SCHEMA`='ModuleCMS' AND `TABLE_TYPE`IN('BASE TABLE', 'SYSTEM VERSIONED')
2020-01-08T14:35:10.688136Z	   87 Query	SELECT COUNT(*) FROM `INFORMATION_SCHEMA`.`TABLES` WHERE `TABLE_SCHEMA`='ModuleCMS' AND `TABLE_TYPE`NOT IN('BASE TABLE', 'SYSTEM VERSIONED')
2020-01-08T14:35:10.688478Z	   87 Query	SELECT @@lower_case_table_names
2020-01-08T14:35:10.688627Z	   87 Query	SELECT COUNT(*) FROM `INFORMATION_SCHEMA`.`ROUTINES` WHERE `ROUTINE_SCHEMA` COLLATE utf8_general_ci='ModuleCMS' AND `ROUTINE_TYPE`='FUNCTION'
2020-01-08T14:35:10.700018Z	   87 Query	SELECT COUNT(*) FROM `INFORMATION_SCHEMA`.`ROUTINES` WHERE `ROUTINE_SCHEMA` COLLATE utf8_general_ci='ModuleCMS'AND `ROUTINE_TYPE`='PROCEDURE'
2020-01-08T14:35:10.702382Z	   87 Query	SELECT COUNT(*) FROM `INFORMATION_SCHEMA`.`EVENTS` WHERE `EVENT_SCHEMA` COLLATE utf8_general_ci='ModuleCMS'
2020-01-08T14:35:10.703072Z	   87 Query	SELECT `TABLE_NAME` AS `name` FROM `INFORMATION_SCHEMA`.`TABLES` WHERE `TABLE_SCHEMA`='ModuleCMS' AND `TABLE_TYPE`IN('BASE TABLE', 'SYSTEM VERSIONED') ORDER BY `TABLE_NAME` ASC LIMIT 0, 50
2020-01-08T14:35:10.705281Z	   87 Query	SELECT COUNT(*) FROM `INFORMATION_SCHEMA`.`TABLES` WHERE `TABLE_SCHEMA`='ModuleCMS' AND `TABLE_TYPE`IN('BASE TABLE', 'SYSTEM VERSIONED')
2020-01-08T14:35:10.705733Z	   87 Query	SELECT COUNT(*) FROM `INFORMATION_SCHEMA`.`TABLES` WHERE `TABLE_SCHEMA`='ModuleCMS' AND `TABLE_TYPE`IN('BASE TABLE', 'SYSTEM VERSIONED')
2020-01-08T14:35:10.730548Z	   88 Quit	
2020-01-08T14:35:10.730615Z	   87 Quit	
2020-01-08T14:35:14.505016Z	   89 Connect	root@localhost on  using Socket
2020-01-08T14:35:14.505240Z	   89 Query	SELECT @@version, @@version_comment
2020-01-08T14:35:14.506816Z	   89 Query	SET NAMES 'utf8mb4' COLLATE 'utf8mb4_general_ci'
2020-01-08T14:35:14.506976Z	   89 Query	SET lc_messages = 'en_US'
2020-01-08T14:35:14.509104Z	   90 Connect	root@localhost on  using Socket
2020-01-08T14:35:14.516167Z	   90 Query	SHOW TABLES FROM `ModuleCMS`
2020-01-08T14:35:14.517831Z	   89 Query	SELECT `SCHEMA_NAME` FROM `INFORMATION_SCHEMA`.`SCHEMATA`
2020-01-08T14:35:14.528804Z	   89 Query	SET collation_connection = 'utf8mb4_unicode_ci'
2020-01-08T14:35:14.532845Z	   89 Init DB	modulecms
2020-01-08T14:35:14.537178Z	   89 Query	SELECT @@lower_case_table_names
2020-01-08T14:35:14.537469Z	   89 Query	SELECT *,
                `TABLE_SCHEMA`       AS `Db`,
                `TABLE_NAME`         AS `Name`,
                `TABLE_TYPE`         AS `TABLE_TYPE`,
                `ENGINE`             AS `Engine`,
                `ENGINE`             AS `Type`,
                `VERSION`            AS `Version`,
                `ROW_FORMAT`         AS `Row_format`,
                `TABLE_ROWS`         AS `Rows`,
                `AVG_ROW_LENGTH`     AS `Avg_row_length`,
                `DATA_LENGTH`        AS `Data_length`,
                `MAX_DATA_LENGTH`    AS `Max_data_length`,
                `INDEX_LENGTH`       AS `Index_length`,
                `DATA_FREE`          AS `Data_free`,
                `AUTO_INCREMENT`     AS `Auto_increment`,
                `CREATE_TIME`        AS `Create_time`,
                `UPDATE_TIME`        AS `Update_time`,
                `CHECK_TIME`         AS `Check_time`,
                `TABLE_COLLATION`    AS `Collation`,
                `CHECKSUM`           AS `Checksum`,
                `CREATE_OPTIONS`     AS `Create_options`,
                `TABLE_COMMENT`      AS `Comment`
            FROM `information_schema`.`TABLES` t
            WHERE `TABLE_SCHEMA` COLLATE utf8_general_ci
                IN ('ModuleCMS')
                AND t.`TABLE_NAME` COLLATE utf8_general_ci = 'user_tokens' ORDER BY Name ASC
2020-01-08T14:35:14.538733Z	   89 Query	SELECT *,
                `TABLE_SCHEMA`       AS `Db`,
                `TABLE_NAME`         AS `Name`,
                `TABLE_TYPE`         AS `TABLE_TYPE`,
                `ENGINE`             AS `Engine`,
                `ENGINE`             AS `Type`,
                `VERSION`            AS `Version`,
                `ROW_FORMAT`         AS `Row_format`,
                `TABLE_ROWS`         AS `Rows`,
                `AVG_ROW_LENGTH`     AS `Avg_row_length`,
                `DATA_LENGTH`        AS `Data_length`,
                `MAX_DATA_LENGTH`    AS `Max_data_length`,
                `INDEX_LENGTH`       AS `Index_length`,
                `DATA_FREE`          AS `Data_free`,
                `AUTO_INCREMENT`     AS `Auto_increment`,
                `CREATE_TIME`        AS `Create_time`,
                `UPDATE_TIME`        AS `Update_time`,
                `CHECK_TIME`         AS `Check_time`,
                `TABLE_COLLATION`    AS `Collation`,
                `CHECKSUM`           AS `Checksum`,
                `CREATE_OPTIONS`     AS `Create_options`,
                `TABLE_COMMENT`      AS `Comment`
            FROM `information_schema`.`TABLES` t
            WHERE `TABLE_SCHEMA` COLLATE utf8_general_ci
                IN ('ModuleCMS')
                AND t.`TABLE_NAME` COLLATE utf8_general_ci = 'user_tokens' ORDER BY Name ASC
2020-01-08T14:35:14.580834Z	   89 Init DB	modulecms
2020-01-08T14:35:14.582911Z	   89 Query	SHOW INDEXES FROM `ModuleCMS`.`user_tokens`
2020-01-08T14:35:14.583938Z	   89 Query	SHOW FULL COLUMNS FROM `ModuleCMS`.`user_tokens`
2020-01-08T14:35:14.584702Z	   89 Query	SHOW FULL COLUMNS FROM `ModuleCMS`.`user_tokens`
2020-01-08T14:35:14.598421Z	   89 Query	SHOW PLUGINS
2020-01-08T14:35:14.599200Z	   89 Query	SELECT DISTINCT `PARTITION_NAME` FROM `information_schema`.`PARTITIONS` WHERE `TABLE_SCHEMA` = 'ModuleCMS' AND `TABLE_NAME` = 'user_tokens'
2020-01-08T14:35:14.639733Z	   89 Query	SHOW  COLUMNS FROM `ModuleCMS`.`user_tokens`
2020-01-08T14:35:14.640678Z	   89 Query	SELECT `PRIVILEGE_TYPE` FROM `INFORMATION_SCHEMA`.`USER_PRIVILEGES` WHERE GRANTEE='''root''@''localhost''' AND PRIVILEGE_TYPE='TRIGGER'
2020-01-08T14:35:14.642391Z	   89 Query	SELECT `PRIVILEGE_TYPE` FROM `INFORMATION_SCHEMA`.`USER_PRIVILEGES` WHERE GRANTEE='''root''@''localhost''' AND PRIVILEGE_TYPE='TRIGGER'
2020-01-08T14:35:14.647588Z	   90 Quit	
2020-01-08T14:35:14.647844Z	   89 Quit	
2020-01-08T14:35:15.067884Z	   91 Connect	root@localhost on  using Socket
2020-01-08T14:35:15.068158Z	   91 Query	SELECT @@version, @@version_comment
2020-01-08T14:35:15.069949Z	   91 Query	SET NAMES 'utf8mb4' COLLATE 'utf8mb4_general_ci'
2020-01-08T14:35:15.070072Z	   91 Query	SET lc_messages = 'en_US'
2020-01-08T14:35:15.072411Z	   92 Connect	root@localhost on  using Socket
2020-01-08T14:35:15.080118Z	   91 Query	SELECT `SCHEMA_NAME` FROM `INFORMATION_SCHEMA`.`SCHEMATA`
2020-01-08T14:35:15.089412Z	   91 Query	SET collation_connection = 'utf8mb4_unicode_ci'
2020-01-08T14:35:15.109666Z	   92 Quit	
2020-01-08T14:35:15.109876Z	   91 Quit	
2020-01-08T14:35:17.557275Z	   93 Connect	root@localhost on  using Socket
2020-01-08T14:35:17.557498Z	   93 Query	SELECT @@version, @@version_comment
2020-01-08T14:35:17.559077Z	   93 Query	SET NAMES 'utf8mb4' COLLATE 'utf8mb4_general_ci'
2020-01-08T14:35:17.559237Z	   93 Query	SET lc_messages = 'en_US'
2020-01-08T14:35:17.561514Z	   94 Connect	root@localhost on  using Socket
2020-01-08T14:35:17.568426Z	   94 Query	SHOW TABLES FROM `ModuleCMS`
2020-01-08T14:35:17.570197Z	   93 Query	SELECT `SCHEMA_NAME` FROM `INFORMATION_SCHEMA`.`SCHEMATA`
2020-01-08T14:35:17.581680Z	   93 Query	SET collation_connection = 'utf8mb4_unicode_ci'
2020-01-08T14:35:17.634330Z	   93 Query	SHOW SESSION VARIABLES LIKE 'FOREIGN_KEY_CHECKS'
2020-01-08T14:35:17.649729Z	   93 Query	SELECT DATABASE()
2020-01-08T14:35:17.649985Z	   93 Init DB	modulecms
2020-01-08T14:35:17.650315Z	   93 Query	SELECT * FROM `user_tokens` LIMIT 0, 30
2020-01-08T14:35:17.654823Z	   93 Query	SHOW WARNINGS
2020-01-08T14:35:17.655573Z	   93 Query	SELECT @@lower_case_table_names
2020-01-08T14:35:17.655837Z	   93 Query	SELECT TABLE_NAME
            FROM information_schema.VIEWS
            WHERE TABLE_SCHEMA = 'ModuleCMS'
                AND TABLE_NAME = 'user_tokens'
                AND IS_UPDATABLE = 'YES'
2020-01-08T14:35:17.656241Z	   93 Query	SHOW  COLUMNS FROM `ModuleCMS`.`user_tokens`
2020-01-08T14:35:17.657846Z	   93 Query	SHOW INDEXES FROM `ModuleCMS`.`user_tokens`
2020-01-08T14:35:17.658703Z	   93 Query	SELECT TABLE_NAME
            FROM information_schema.VIEWS
            WHERE TABLE_SCHEMA = 'ModuleCMS'
                AND TABLE_NAME = 'user_tokens'
2020-01-08T14:35:17.659058Z	   93 Query	SELECT TABLE_NAME
            FROM information_schema.VIEWS
            WHERE TABLE_SCHEMA = 'ModuleCMS'
                AND TABLE_NAME = 'user_tokens'
2020-01-08T14:35:17.664000Z	   93 Query	SHOW CREATE TABLE `ModuleCMS`.`user_tokens`
2020-01-08T14:35:17.672814Z	   93 Query	SELECT *,
                        `COLUMN_NAME`       AS `Field`,
                        `COLUMN_TYPE`       AS `Type`,
                        `COLLATION_NAME`    AS `Collation`,
                        `IS_NULLABLE`       AS `Null`,
                        `COLUMN_KEY`        AS `Key`,
                        `COLUMN_DEFAULT`    AS `Default`,
                        `EXTRA`             AS `Extra`,
                        `PRIVILEGES`        AS `Privileges`,
                        `COLUMN_COMMENT`    AS `Comment`
                   FROM `information_schema`.`COLUMNS`
 WHERE `TABLE_SCHEMA` = 'ModuleCMS'  AND `TABLE_NAME` = 'users'
2020-01-08T14:35:17.673531Z	   93 Query	SELECT TABLE_NAME
            FROM information_schema.VIEWS
            WHERE TABLE_SCHEMA = 'ModuleCMS'
                AND TABLE_NAME = 'user_tokens'
2020-01-08T14:35:17.673864Z	   93 Query	SELECT TABLE_NAME
            FROM information_schema.VIEWS
            WHERE TABLE_SCHEMA = 'ModuleCMS'
                AND TABLE_NAME = 'user_tokens'
2020-01-08T14:35:17.674187Z	   93 Query	SELECT TABLE_NAME
            FROM information_schema.VIEWS
            WHERE TABLE_SCHEMA = 'ModuleCMS'
                AND TABLE_NAME = 'user_tokens'
2020-01-08T14:35:17.674562Z	   93 Query	SELECT *,
                `TABLE_SCHEMA`       AS `Db`,
                `TABLE_NAME`         AS `Name`,
                `TABLE_TYPE`         AS `TABLE_TYPE`,
                `ENGINE`             AS `Engine`,
                `ENGINE`             AS `Type`,
                `VERSION`            AS `Version`,
                `ROW_FORMAT`         AS `Row_format`,
                `TABLE_ROWS`         AS `Rows`,
                `AVG_ROW_LENGTH`     AS `Avg_row_length`,
                `DATA_LENGTH`        AS `Data_length`,
                `MAX_DATA_LENGTH`    AS `Max_data_length`,
                `INDEX_LENGTH`       AS `Index_length`,
                `DATA_FREE`          AS `Data_free`,
                `AUTO_INCREMENT`     AS `Auto_increment`,
                `CREATE_TIME`        AS `Create_time`,
                `UPDATE_TIME`        AS `Update_time`,
                `CHECK_TIME`         AS `Check_time`,
                `TABLE_COLLATION`    AS `Collation`,
                `CHECKSUM`           AS `Checksum`,
                `CREATE_OPTIONS`     AS `Create_options`,
                `TABLE_COMMENT`      AS `Comment`
            FROM `information_schema`.`TABLES` t
            WHERE `TABLE_SCHEMA` COLLATE utf8_general_ci
                IN ('ModuleCMS')
                AND t.`TABLE_NAME` COLLATE utf8_general_ci = 'user_tokens' ORDER BY Name ASC
2020-01-08T14:35:17.679385Z	   93 Query	SHOW FULL COLUMNS FROM `ModuleCMS`.`user_tokens`
2020-01-08T14:35:17.682684Z	   93 Query	SELECT `user_name` FROM `ModuleCMS`.`users` WHERE `user_id` = 4
2020-01-08T14:35:17.684312Z	   93 Query	SHOW SESSION VARIABLES LIKE 'FOREIGN_KEY_CHECKS'
2020-01-08T14:35:17.686612Z	   93 Query	SHOW  COLUMNS FROM `ModuleCMS`.`user_tokens`
2020-01-08T14:35:17.687454Z	   93 Query	SELECT `PRIVILEGE_TYPE` FROM `INFORMATION_SCHEMA`.`USER_PRIVILEGES` WHERE GRANTEE='''root''@''localhost''' AND PRIVILEGE_TYPE='TRIGGER'
2020-01-08T14:35:17.688981Z	   93 Query	SELECT `PRIVILEGE_TYPE` FROM `INFORMATION_SCHEMA`.`USER_PRIVILEGES` WHERE GRANTEE='''root''@''localhost''' AND PRIVILEGE_TYPE='TRIGGER'
2020-01-08T14:35:17.692856Z	   94 Quit	
2020-01-08T14:35:17.693095Z	   93 Quit	
2020-01-08T14:35:17.941831Z	   95 Connect	root@localhost on  using Socket
2020-01-08T14:35:17.942052Z	   95 Query	SELECT @@version, @@version_comment
2020-01-08T14:35:17.943894Z	   95 Query	SET NAMES 'utf8mb4' COLLATE 'utf8mb4_general_ci'
2020-01-08T14:35:17.944022Z	   95 Query	SET lc_messages = 'en_US'
2020-01-08T14:35:17.946457Z	   96 Connect	root@localhost on  using Socket
2020-01-08T14:35:17.956134Z	   95 Query	SELECT `SCHEMA_NAME` FROM `INFORMATION_SCHEMA`.`SCHEMATA`
2020-01-08T14:35:17.967585Z	   95 Query	SET collation_connection = 'utf8mb4_unicode_ci'
2020-01-08T14:35:17.989467Z	   96 Quit	
2020-01-08T14:35:17.989672Z	   95 Quit	
2020-01-08T14:35:22.226946Z	   97 Connect	root@localhost on  using Socket
2020-01-08T14:35:22.227250Z	   97 Query	SELECT @@version, @@version_comment
2020-01-08T14:35:22.229194Z	   97 Query	SET NAMES 'utf8mb4' COLLATE 'utf8mb4_general_ci'
2020-01-08T14:35:22.229369Z	   97 Query	SET lc_messages = 'en_US'
2020-01-08T14:35:22.231849Z	   98 Connect	root@localhost on  using Socket
2020-01-08T14:35:22.241054Z	   98 Query	SHOW TABLES FROM `ModuleCMS`
2020-01-08T14:35:22.242836Z	   97 Query	SELECT `SCHEMA_NAME` FROM `INFORMATION_SCHEMA`.`SCHEMATA`
2020-01-08T14:35:22.253601Z	   97 Query	SET collation_connection = 'utf8mb4_unicode_ci'
2020-01-08T14:35:22.307446Z	   97 Query	SHOW SESSION VARIABLES LIKE 'FOREIGN_KEY_CHECKS'
2020-01-08T14:35:22.317343Z	   97 Query	SELECT DATABASE()
2020-01-08T14:35:22.317588Z	   97 Init DB	modulecms
2020-01-08T14:35:22.317979Z	   97 Query	SELECT `token_hash` FROM `user_tokens` WHERE `user_tokens`.`token_id` = 3 LIMIT 0, 30
2020-01-08T14:35:22.322141Z	   97 Query	SHOW WARNINGS
2020-01-08T14:35:22.323327Z	   97 Query	SHOW  COLUMNS FROM `ModuleCMS`.`user_tokens`
2020-01-08T14:35:22.325348Z	   97 Query	SHOW INDEXES FROM `ModuleCMS`.`user_tokens`
2020-01-08T14:35:22.330433Z	   97 Query	SELECT TABLE_NAME
            FROM information_schema.VIEWS
            WHERE TABLE_SCHEMA = 'ModuleCMS'
                AND TABLE_NAME = 'user_tokens'
2020-01-08T14:35:22.330862Z	   97 Query	SELECT `PRIVILEGE_TYPE` FROM `INFORMATION_SCHEMA`.`USER_PRIVILEGES` WHERE GRANTEE='''root''@''localhost''' AND PRIVILEGE_TYPE='TRIGGER'
2020-01-08T14:35:22.332078Z	   97 Query	SELECT TABLE_NAME
            FROM information_schema.VIEWS
            WHERE TABLE_SCHEMA = 'ModuleCMS'
                AND TABLE_NAME = 'user_tokens'
2020-01-08T14:35:22.332438Z	   97 Query	SELECT TABLE_NAME
            FROM information_schema.VIEWS
            WHERE TABLE_SCHEMA = 'ModuleCMS'
                AND TABLE_NAME = 'user_tokens'
2020-01-08T14:35:22.332682Z	   97 Query	SELECT @@lower_case_table_names
2020-01-08T14:35:22.332836Z	   97 Query	SELECT *,
                `TABLE_SCHEMA`       AS `Db`,
                `TABLE_NAME`         AS `Name`,
                `TABLE_TYPE`         AS `TABLE_TYPE`,
                `ENGINE`             AS `Engine`,
                `ENGINE`             AS `Type`,
                `VERSION`            AS `Version`,
                `ROW_FORMAT`         AS `Row_format`,
                `TABLE_ROWS`         AS `Rows`,
                `AVG_ROW_LENGTH`     AS `Avg_row_length`,
                `DATA_LENGTH`        AS `Data_length`,
                `MAX_DATA_LENGTH`    AS `Max_data_length`,
                `INDEX_LENGTH`       AS `Index_length`,
                `DATA_FREE`          AS `Data_free`,
                `AUTO_INCREMENT`     AS `Auto_increment`,
                `CREATE_TIME`        AS `Create_time`,
                `UPDATE_TIME`        AS `Update_time`,
                `CHECK_TIME`         AS `Check_time`,
                `TABLE_COLLATION`    AS `Collation`,
                `CHECKSUM`           AS `Checksum`,
                `CREATE_OPTIONS`     AS `Create_options`,
                `TABLE_COMMENT`      AS `Comment`
            FROM `information_schema`.`TABLES` t
            WHERE `TABLE_SCHEMA` COLLATE utf8_general_ci
                IN ('ModuleCMS')
                AND t.`TABLE_NAME` COLLATE utf8_general_ci = 'user_tokens' ORDER BY Name ASC
2020-01-08T14:35:22.334335Z	   97 Query	SELECT `PRIVILEGE_TYPE` FROM `INFORMATION_SCHEMA`.`USER_PRIVILEGES` WHERE GRANTEE='''root''@''localhost''' AND PRIVILEGE_TYPE='TRIGGER'
2020-01-08T14:35:22.337285Z	   98 Quit	
2020-01-08T14:35:22.337481Z	   97 Quit	
2020-01-09T18:27:03.501187Z	   26 Prepare	SELECT COUNT(*) as count FROM users WHERE user_email = ? LIMIT 1
2020-01-09T18:27:03.503294Z	   26 Execute	SELECT COUNT(*) as count FROM users WHERE user_email = 'jcmaxuser@gmail.com' LIMIT 1
2020-01-09T18:27:03.512522Z	   26 Prepare	SELECT user_id as id FROM users WHERE user_email = ? LIMIT 1
2020-01-09T18:27:03.512688Z	   26 Close stmt	
2020-01-09T18:27:03.512730Z	   26 Execute	SELECT user_id as id FROM users WHERE user_email = 'jcmaxuser@gmail.com' LIMIT 1
2020-01-09T18:27:03.514469Z	   26 Prepare	SELECT t1.role_id, t2.role_name 
        FROM user_role as t1 JOIN roles as t2 ON t1.role_id = t2.role_id 
        WHERE t1.user_id = ?
2020-01-09T18:27:03.514528Z	   26 Execute	SELECT t1.role_id, t2.role_name 
        FROM user_role as t1 JOIN roles as t2 ON t1.role_id = t2.role_id 
        WHERE t1.user_id = '4'
2020-01-09T18:27:03.519550Z	   26 Prepare	SELECT t2.perm_desc 
        FROM role_perm as t1 JOIN permissions as t2 ON t1.perm_id = t2.perm_id 
        WHERE t1.role_id = ?
2020-01-09T18:27:03.519633Z	   26 Execute	SELECT t2.perm_desc 
        FROM role_perm as t1 JOIN permissions as t2 ON t1.perm_id = t2.perm_id 
        WHERE t1.role_id = '3'
2020-01-09T18:27:03.520130Z	   26 Close stmt	
2020-01-09T18:27:03.520169Z	   26 Close stmt	
2020-01-09T18:27:03.520322Z	   26 Prepare	SELECT 
			user_id as id, 
			user_name as name, 
			user_email as email, 
			user_registration_date as regdate,
			user_password as password, 
			user_hash as hash
			FROM users
			WHERE user_email = ? LIMIT 1
2020-01-09T18:27:03.520418Z	   26 Close stmt	
2020-01-09T18:27:03.520459Z	   26 Execute	SELECT 
			user_id as id, 
			user_name as name, 
			user_email as email, 
			user_registration_date as regdate,
			user_password as password, 
			user_hash as hash
			FROM users
			WHERE user_email = 'jcmaxuser@gmail.com' LIMIT 1
2020-01-09T18:27:03.523920Z	   26 Prepare	SELECT 
				token_hash as token,
				token_created as tcreated,
				token_expires as texpires 
				FROM user_tokens WHERE token_user_id = ? LIMIT 1
2020-01-09T18:27:03.523966Z	   26 Close stmt	
2020-01-09T18:27:03.523986Z	   26 Execute	SELECT 
				token_hash as token,
				token_created as tcreated,
				token_expires as texpires 
				FROM user_tokens WHERE token_user_id = '4' LIMIT 1
2020-01-09T18:27:03.525302Z	   26 Close stmt	
2020-01-10T17:15:51.761101Z	   31 Quit	
2020-01-10T17:15:51.761106Z	   26 Quit	
